#
# A fatal error has been detected by the Java Runtime Environment:
#
#  SIGSEGV (0xb) at pc=0x00007f46a00d71f3, pid=31154, tid=139941320824576
#
# JRE version: Java(TM) SE Runtime Environment (8.0_31-b13) (build 1.8.0_31-b13)
# Java VM: Java HotSpot(TM) 64-Bit Server VM (25.31-b07 mixed mode linux-amd64 compressed oops)
# Problematic frame:
# C  [libc.so.6+0x1491f3]
#
# Failed to write core dump. Core dumps have been disabled. To enable core dumping, try "ulimit -c unlimited" before starting Java again
#
# If you would like to submit a bug report, please visit:
#   http://bugreport.java.com/bugreport/crash.jsp
# The crash happened outside the Java Virtual Machine in native code.
# See problematic frame for where to report the bug.
#

---------------  T H R E A D  ---------------

Current thread (0x00007f4698007800):  JavaThread "main" [_thread_in_native, id=31163, stack(0x00007f46a0a79000,0x00007f46a0b7a000)]

siginfo: si_signo: 11 (SIGSEGV), si_code: 2 (SEGV_ACCERR), si_addr: 0x00007f46983ce000

Registers:
RAX=0x00007f464bc06c98, RBX=0x00007f4698384280, RCX=0x0000000000008000, RDX=0x0000000000000540
RSP=0x00007f46a0b78428, RBP=0x00007f464b5553f0, RSI=0x00007f46983cdfd8, RDI=0x00007f464bc07620
R8 =0x00007f464bc06c98, R9 =0x00007f46a00d71e0, R10=0x00007f46a0b784d8, R11=0x00007f46a0111e90
R12=0x00000000000000ff, R13=0x00007f46983cd650, R14=0x00007f464b554240, R15=0x0000000000000fe8
RIP=0x00007f46a00d71f3, EFLAGS=0x0000000000010202, CSGSFS=0x0000000000000033, ERR=0x0000000000000004
  TRAPNO=0x000000000000000e

Top of Stack: (sp=0x00007f46a0b78428)
0x00007f46a0b78428:   00007f464b350295 0000000000000000
0x00007f46a0b78438:   00007f469838d950 00000000002161e8
0x00007f46a0b78448:   0000000000000000 00007f4698382d28
0x00007f46a0b78458:   0000000000000fc8 00007f4698385500
0x00007f46a0b78468:   00007f46a0991774 0000000100000005
0x00007f46a0b78478:   0000000000000000 00007f464ad12fd0
0x00007f46a0b78488:   00007f4698382a80 00007f469838d950
0x00007f46a0b78498:   0000000000000008 0000000000000000
0x00007f46a0b784a8:   00007f4698382d28 0000000000000fc8
0x00007f46a0b784b8:   00007f464ad24793 00007f46a0b784d8
0x00007f46a0b784c8:   0000000000000003 0000000000000fc8
0x00007f46a0b784d8:   0000000000000fc8 00007f4698382a80
0x00007f46a0b784e8:   00007f469838d950 00007f469838d860
0x00007f46a0b784f8:   00007f4698382a80 0000000000000000
0x00007f46a0b78508:   00007f464ad1ad4d 00007f469838d860
0x00007f46a0b78518:   00007f46678c6d00 00007f46a0b78720
0x00007f46a0b78528:   00007f4698007800 00000007678d9000
0x00007f46a0b78538:   00007f46678b8c20 00007f46981a9740
0x00007f46a0b78548:   0000000100010000 00007f466760ae10
0x00007f46a0b78558:   00007f46678b8c20 00007f46678c6d00
0x00007f46a0b78568:   00007f46983cd650 00000000000186a0
0x00007f46a0b78578:   00007f46a0b785f8 00007f4698007800
0x00007f46a0b78588:   00007f4667663897 00007f46678c6d00
0x00007f46a0b78598:   00007f46a0b785f8 00007f46678b8c20
0x00007f46a0b785a8:   00000000000186a0 00007f46980079e8
0x00007f46a0b785b8:   00007f46678b8c20 00007f46678c6d00
0x00007f46a0b785c8:   00000000000186a0 00007f46a0b78720
0x00007f46a0b785d8:   00007f46678e62ef 00007f46a0b785f8
0x00007f46a0b785e8:   00007f469f87ff61 00007f46a0b78778
0x00007f46a0b785f8:   00007f469cf0d8f8 0000000000000000
0x00007f46a0b78608:   00007f469cf0d8f8 00007f46a0b786c0
0x00007f46a0b78618:   0000000000000000 00007f469cf0d8f0 

Instructions: (pc=0x00007f46a00d71f3)
0x00007f46a00d71d3:   e2 0f 0b 66 2e 0f 1f 84 00 00 00 00 00 48 81 ea
0x00007f46a00d71e3:   80 00 00 00 0f 28 4e f8 0f 28 56 08 0f 28 5e 18
0x00007f46a00d71f3:   0f 28 66 28 0f 28 6e 38 0f 28 76 48 0f 28 7e 58
0x00007f46a00d7203:   44 0f 28 46 68 44 0f 28 4e 78 48 8d b6 80 00 00 

Register to memory mapping:

RAX=0x00007f464bc06c98 is an unknown value
RBX=0x00007f4698384280 is an unknown value
RCX=0x0000000000008000 is an unknown value
RDX=0x0000000000000540 is an unknown value
RSP=0x00007f46a0b78428 is pointing into the stack for thread: 0x00007f4698007800
RBP=0x00007f464b5553f0: mca_btl_vader_component+0x11b0 in /usr/local/lib/openmpi/mca_btl_vader.so at 0x00007f464b34e000
RSI=0x00007f46983cdfd8 is an unknown value
RDI=0x00007f464bc07620 is an unknown value
R8 =0x00007f464bc06c98 is an unknown value
R9 =0x00007f46a00d71e0: <offset 0x1491e0> in /lib/x86_64-linux-gnu/libc.so.6 at 0x00007f469ff8e000
R10=0x00007f46a0b784d8 is pointing into the stack for thread: 0x00007f4698007800
R11=0x00007f46a0111e90: <offset 0x183e90> in /lib/x86_64-linux-gnu/libc.so.6 at 0x00007f469ff8e000
R12=0x00000000000000ff is an unknown value
R13=0x00007f46983cd650 is an unknown value
R14=0x00007f464b554240: mca_btl_vader_component+0 in /usr/local/lib/openmpi/mca_btl_vader.so at 0x00007f464b34e000
R15=0x0000000000000fe8 is an unknown value


Stack: [0x00007f46a0a79000,0x00007f46a0b7a000],  sp=0x00007f46a0b78428,  free space=1021k
Native frames: (J=compiled Java code, j=interpreted, Vv=VM code, C=native code)
C  [libc.so.6+0x1491f3]

Java frames: (J=compiled Java code, j=interpreted, Vv=VM code)
j  mpi.Comm.iSend(JLjava/nio/Buffer;IJII)J+0
j  mpi.Comm.iSend(Ljava/nio/Buffer;ILmpi/Datatype;II)Lmpi/Request;+26
j  ca.mcmaster.capstone.program.ProgramNode.sendEventToMonitor(Lca/mcmaster/capstone/util/MessageTags;)V+144
j  ca.mcmaster.capstone.program.ProgramNode.<init>(II)V+119
j  ca.mcmaster.capstone.program.Node.main([Ljava/lang/String;)V+38
v  ~StubRoutines::call_stub

---------------  P R O C E S S  ---------------

Java Threads: ( => current thread )
  0x00007f46980b1800 JavaThread "Service Thread" daemon [_thread_blocked, id=31255, stack(0x00007f4667bfc000,0x00007f4667cfd000)]
  0x00007f46980ae800 JavaThread "C1 CompilerThread2" daemon [_thread_blocked, id=31252, stack(0x00007f4667cfd000,0x00007f4667dfe000)]
  0x00007f46980ad000 JavaThread "C2 CompilerThread1" daemon [_thread_blocked, id=31248, stack(0x00007f4667dfe000,0x00007f4667eff000)]
  0x00007f46980aa000 JavaThread "C2 CompilerThread0" daemon [_thread_blocked, id=31243, stack(0x00007f4667eff000,0x00007f4668000000)]
  0x00007f46980a8000 JavaThread "Signal Dispatcher" daemon [_thread_blocked, id=31237, stack(0x00007f468408c000,0x00007f468418d000)]
  0x00007f469807a000 JavaThread "Finalizer" daemon [_thread_blocked, id=31210, stack(0x00007f4684882000,0x00007f4684983000)]
  0x00007f4698078000 JavaThread "Reference Handler" daemon [_thread_blocked, id=31208, stack(0x00007f4684983000,0x00007f4684a84000)]
=>0x00007f4698007800 JavaThread "main" [_thread_in_native, id=31163, stack(0x00007f46a0a79000,0x00007f46a0b7a000)]

Other Threads:
  0x00007f4698073000 VMThread [stack: 0x00007f4684a84000,0x00007f4684b85000] [id=31205]
  0x00007f46980b8800 WatcherThread [stack: 0x00007f4667afb000,0x00007f4667bfc000] [id=31257]

VM state:not at safepoint (normal execution)

VM Mutex/Monitor currently owned by a thread: None

Heap:
 PSYoungGen      total 36352K, used 3124K [0x00000000d7f80000, 0x00000000da800000, 0x0000000100000000)
  eden space 31232K, 10% used [0x00000000d7f80000,0x00000000d828d1b0,0x00000000d9e00000)
  from space 5120K, 0% used [0x00000000da300000,0x00000000da300000,0x00000000da800000)
  to   space 5120K, 0% used [0x00000000d9e00000,0x00000000d9e00000,0x00000000da300000)
 ParOldGen       total 83456K, used 0K [0x0000000087e00000, 0x000000008cf80000, 0x00000000d7f80000)
  object space 83456K, 0% used [0x0000000087e00000,0x0000000087e00000,0x000000008cf80000)
 Metaspace       used 3498K, capacity 4832K, committed 5120K, reserved 1056768K
  class space    used 375K, capacity 432K, committed 512K, reserved 1048576K

Card table byte_map: [0x00007f469dd2c000,0x00007f469e0ee000] byte_map_base: 0x00007f469d8ed000

Marking Bits: (ParMarkBitMap*) 0x00007f469ff632a0
 Begin Bits: [0x00007f46853f0000, 0x00007f46871f8000)
 End Bits:   [0x00007f46871f8000, 0x00007f4689000000)

Polling page: 0x00007f46a0ba2000

CodeCache: size=245760Kb used=1293Kb max_used=1293Kb free=244466Kb
 bounds [0x00007f4689000000, 0x00007f4689270000, 0x00007f4698000000]
 total_blobs=408 nmethods=111 adapters=212
 compilation: enabled

Compilation events (10 events):
Event: 1.456 Thread 0x00007f46980ae800  106       3       sun.reflect.ByteVectorImpl::get (26 bytes)
Event: 1.456 Thread 0x00007f46980ae800 nmethod 106 0x00007f46891410d0 code [0x00007f4689141240, 0x00007f4689141448]
Event: 1.458 Thread 0x00007f46980ae800  107   !   3       sun.reflect.UTF8::encode (191 bytes)
Event: 1.461 Thread 0x00007f46980ae800 nmethod 107 0x00007f4689140090 code [0x00007f4689140280, 0x00007f4689140b28]
Event: 1.465 Thread 0x00007f46980ae800  108   !   3       java.util.concurrent.ConcurrentHashMap::putVal (362 bytes)
Event: 1.472 Thread 0x00007f46980ae800 nmethod 108 0x00007f4689141910 code [0x00007f4689141be0, 0x00007f4689143558]
Event: 1.492 Thread 0x00007f46980ae800  109       1       java.lang.reflect.Field::getName (5 bytes)
Event: 1.492 Thread 0x00007f46980ae800 nmethod 109 0x00007f468913fdd0 code [0x00007f468913ff20, 0x00007f4689140030]
Event: 1.542 Thread 0x00007f46980ae800  110       3       java.nio.DirectByteBuffer::put (18 bytes)
Event: 1.542 Thread 0x00007f46980ae800 nmethod 110 0x00007f468913f6d0 code [0x00007f468913f840, 0x00007f468913fab0]

GC Heap History (0 events):
No events

Deoptimization events (0 events):
No events

Internal exceptions (10 events):
Event: 1.263 Thread 0x00007f4698007800 Exception <a 'java/security/PrivilegedActionException'> (0x00000000d81e3b30) thrown at [/HUDSON/workspace/8-2-build-linux-amd64/jdk8u31/2394/hotspot/src/share/vm/prims/jvm.cpp, line 1312]
Event: 1.267 Thread 0x00007f4698007800 Exception <a 'java/security/PrivilegedActionException'> (0x00000000d81e62d8) thrown at [/HUDSON/workspace/8-2-build-linux-amd64/jdk8u31/2394/hotspot/src/share/vm/prims/jvm.cpp, line 1312]
Event: 1.270 Thread 0x00007f4698007800 Exception <a 'java/security/PrivilegedActionException'> (0x00000000d81eb098) thrown at [/HUDSON/workspace/8-2-build-linux-amd64/jdk8u31/2394/hotspot/src/share/vm/prims/jvm.cpp, line 1312]
Event: 1.275 Thread 0x00007f4698007800 Exception <a 'java/security/PrivilegedActionException'> (0x00000000d81efb10) thrown at [/HUDSON/workspace/8-2-build-linux-amd64/jdk8u31/2394/hotspot/src/share/vm/prims/jvm.cpp, line 1312]
Event: 1.282 Thread 0x00007f4698007800 Exception <a 'java/security/PrivilegedActionException'> (0x00000000d81f27c0) thrown at [/HUDSON/workspace/8-2-build-linux-amd64/jdk8u31/2394/hotspot/src/share/vm/prims/jvm.cpp, line 1312]
Event: 1.290 Thread 0x00007f4698007800 Exception <a 'java/security/PrivilegedActionException'> (0x00000000d81f6368) thrown at [/HUDSON/workspace/8-2-build-linux-amd64/jdk8u31/2394/hotspot/src/share/vm/prims/jvm.cpp, line 1312]
Event: 1.295 Thread 0x00007f4698007800 Exception <a 'java/security/PrivilegedActionException'> (0x00000000d81f8e18) thrown at [/HUDSON/workspace/8-2-build-linux-amd64/jdk8u31/2394/hotspot/src/share/vm/prims/jvm.cpp, line 1312]
Event: 1.303 Thread 0x00007f4698007800 Exception <a 'java/security/PrivilegedActionException'> (0x00000000d81fc930) thrown at [/HUDSON/workspace/8-2-build-linux-amd64/jdk8u31/2394/hotspot/src/share/vm/prims/jvm.cpp, line 1312]
Event: 1.401 Thread 0x00007f4698007800 Exception <a 'java/security/PrivilegedActionException'> (0x00000000d820a910) thrown at [/HUDSON/workspace/8-2-build-linux-amd64/jdk8u31/2394/hotspot/src/share/vm/prims/jvm.cpp, line 1312]
Event: 1.424 Thread 0x00007f4698007800 Exception <a 'java/security/PrivilegedActionException'> (0x00000000d8215aa0) thrown at [/HUDSON/workspace/8-2-build-linux-amd64/jdk8u31/2394/hotspot/src/share/vm/prims/jvm.cpp, line 1312]

Events (10 events):
Event: 1.462 loading class java/lang/NumberFormatException
Event: 1.462 loading class java/lang/NumberFormatException done
Event: 1.472 loading class java/io/ObjectStreamClass$ExceptionInfo
Event: 1.472 loading class java/io/ObjectStreamClass$ExceptionInfo done
Event: 1.478 loading class sun/reflect/UnsafeQualifiedStaticObjectFieldAccessorImpl
Event: 1.478 loading class sun/reflect/UnsafeQualifiedStaticObjectFieldAccessorImpl done
Event: 1.480 loading class java/io/UnsupportedEncodingException
Event: 1.480 loading class java/io/UnsupportedEncodingException done
Event: 1.541 loading class java/nio/DirectByteBuffer$Deallocator
Event: 1.541 loading class java/nio/DirectByteBuffer$Deallocator done


Dynamic libraries:
00400000-00401000 r-xp 00000000 08:01 17437063                           /usr/lib/jvm/java-8-oracle/jre/bin/java
00600000-00601000 rw-p 00000000 08:01 17437063                           /usr/lib/jvm/java-8-oracle/jre/bin/java
01294000-012b5000 rw-p 00000000 00:00 0                                  [heap]
87e00000-8cf80000 rw-p 00000000 00:00 0 
8cf80000-d7f80000 ---p 00000000 00:00 0 
d7f80000-da800000 rw-p 00000000 00:00 0 
da800000-100000000 ---p 00000000 00:00 0 
100000000-100080000 rw-p 00000000 00:00 0 
100080000-140000000 ---p 00000000 00:00 0 
7f463bbfe000-7f4643bff000 rw-s 00000000 08:01 1190006                    /tmp/openmpi-sessions-m6mostaf@scspc101_0/59802/1/shared_mem_pool.scspc101 (deleted)
7f4643bff000-7f4644000000 rw-s 00000000 08:01 2365911                    /tmp/openmpi-sessions-m6mostaf@scspc101_0/59802/1/7/vader_segment.scspc101.7
7f4644000000-7f4644021000 rw-p 00000000 00:00 0 
7f4644021000-7f4648000000 ---p 00000000 00:00 0 
7f4648275000-7f4648676000 rw-s 00000000 08:01 3420099                    /tmp/openmpi-sessions-m6mostaf@scspc101_0/59802/1/6/vader_segment.scspc101.6
7f4648676000-7f4648a77000 rw-s 00000000 08:01 1190011                    /tmp/openmpi-sessions-m6mostaf@scspc101_0/59802/1/5/vader_segment.scspc101.5
7f4648a77000-7f4648e78000 rw-s 00000000 08:01 1190012                    /tmp/openmpi-sessions-m6mostaf@scspc101_0/59802/1/4/vader_segment.scspc101.4
7f4648e78000-7f4649279000 rw-s 00000000 08:01 1190013                    /tmp/openmpi-sessions-m6mostaf@scspc101_0/59802/1/2/vader_segment.scspc101.2
7f4649279000-7f464967a000 rw-s 00000000 08:01 2364915                    /tmp/openmpi-sessions-m6mostaf@scspc101_0/59802/1/1/vader_segment.scspc101.1
7f464967a000-7f4649a7b000 rw-s 00000000 08:01 1190010                    /tmp/openmpi-sessions-m6mostaf@scspc101_0/59802/1/0/vader_segment.scspc101.0
7f4649a7b000-7f4649a80000 r-xp 00000000 08:01 791488                     /usr/local/lib/openmpi/mca_osc_sm.so
7f4649a80000-7f4649c7f000 ---p 00005000 08:01 791488                     /usr/local/lib/openmpi/mca_osc_sm.so
7f4649c7f000-7f4649c80000 r--p 00004000 08:01 791488                     /usr/local/lib/openmpi/mca_osc_sm.so
7f4649c80000-7f4649c82000 rw-p 00005000 08:01 791488                     /usr/local/lib/openmpi/mca_osc_sm.so
7f4649c82000-7f4649c9f000 r-xp 00000000 08:01 791444                     /usr/local/lib/openmpi/mca_coll_tuned.so
7f4649c9f000-7f4649e9e000 ---p 0001d000 08:01 791444                     /usr/local/lib/openmpi/mca_coll_tuned.so
7f4649e9e000-7f4649e9f000 r--p 0001c000 08:01 791444                     /usr/local/lib/openmpi/mca_coll_tuned.so
7f4649e9f000-7f4649ea0000 rw-p 0001d000 08:01 791444                     /usr/local/lib/openmpi/mca_coll_tuned.so
7f464a0a7000-7f464a0a9000 r-xp 00000000 08:01 791448                     /usr/local/lib/openmpi/mca_coll_self.so
7f464a0a9000-7f464a2a8000 ---p 00002000 08:01 791448                     /usr/local/lib/openmpi/mca_coll_self.so
7f464a2a8000-7f464a2a9000 r--p 00001000 08:01 791448                     /usr/local/lib/openmpi/mca_coll_self.so
7f464a2a9000-7f464a2aa000 rw-p 00002000 08:01 791448                     /usr/local/lib/openmpi/mca_coll_self.so
7f464a2cb000-7f464a2dc000 r-xp 00000000 08:01 791490                     /usr/local/lib/openmpi/mca_osc_rdma.so
7f464a2dc000-7f464a4dc000 ---p 00011000 08:01 791490                     /usr/local/lib/openmpi/mca_osc_rdma.so
7f464a4dc000-7f464a4dd000 r--p 00011000 08:01 791490                     /usr/local/lib/openmpi/mca_osc_rdma.so
7f464a4dd000-7f464a4de000 rw-p 00012000 08:01 791490                     /usr/local/lib/openmpi/mca_osc_rdma.so
7f464a4de000-7f464a4f5000 r-xp 00000000 08:01 791446                     /usr/local/lib/openmpi/mca_coll_libnbc.so
7f464a4f5000-7f464a6f5000 ---p 00017000 08:01 791446                     /usr/local/lib/openmpi/mca_coll_libnbc.so
7f464a6f5000-7f464a6f6000 r--p 00017000 08:01 791446                     /usr/local/lib/openmpi/mca_coll_libnbc.so
7f464a6f6000-7f464a6f7000 rw-p 00018000 08:01 791446                     /usr/local/lib/openmpi/mca_coll_libnbc.so
7f464a6f7000-7f464a6fb000 r-xp 00000000 08:01 791455                     /usr/local/lib/openmpi/mca_coll_inter.so
7f464a6fb000-7f464a8fa000 ---p 00004000 08:01 791455                     /usr/local/lib/openmpi/mca_coll_inter.so
7f464a8fa000-7f464a8fb000 r--p 00003000 08:01 791455                     /usr/local/lib/openmpi/mca_coll_inter.so
7f464a8fb000-7f464a8fc000 rw-p 00004000 08:01 791455                     /usr/local/lib/openmpi/mca_coll_inter.so
7f464a8fc000-7f464a909000 r-xp 00000000 08:01 791453                     /usr/local/lib/openmpi/mca_coll_basic.so
7f464a909000-7f464ab08000 ---p 0000d000 08:01 791453                     /usr/local/lib/openmpi/mca_coll_basic.so
7f464ab08000-7f464ab09000 r--p 0000c000 08:01 791453                     /usr/local/lib/openmpi/mca_coll_basic.so
7f464ab09000-7f464ab0a000 rw-p 0000d000 08:01 791453                     /usr/local/lib/openmpi/mca_coll_basic.so
7f464ad12000-7f464ad28000 r-xp 00000000 08:01 791498                     /usr/local/lib/openmpi/mca_pml_ob1.so
7f464ad28000-7f464af27000 ---p 00016000 08:01 791498                     /usr/local/lib/openmpi/mca_pml_ob1.so
7f464af27000-7f464af28000 r--p 00015000 08:01 791498                     /usr/local/lib/openmpi/mca_pml_ob1.so
7f464af28000-7f464af29000 rw-p 00016000 08:01 791498                     /usr/local/lib/openmpi/mca_pml_ob1.so
7f464af2a000-7f464af30000 r-xp 00000000 08:01 791457                     /usr/local/lib/openmpi/mca_coll_hierarch.so
7f464af30000-7f464b12f000 ---p 00006000 08:01 791457                     /usr/local/lib/openmpi/mca_coll_hierarch.so
7f464b12f000-7f464b130000 r--p 00005000 08:01 791457                     /usr/local/lib/openmpi/mca_coll_hierarch.so
7f464b130000-7f464b131000 rw-p 00006000 08:01 791457                     /usr/local/lib/openmpi/mca_coll_hierarch.so
7f464b147000-7f464b14d000 r-xp 00000000 08:01 791464                     /usr/local/lib/openmpi/mca_dpm_orte.so
7f464b14d000-7f464b34c000 ---p 00006000 08:01 791464                     /usr/local/lib/openmpi/mca_dpm_orte.so
7f464b34c000-7f464b34d000 r--p 00005000 08:01 791464                     /usr/local/lib/openmpi/mca_dpm_orte.so
7f464b34d000-7f464b34e000 rw-p 00006000 08:01 791464                     /usr/local/lib/openmpi/mca_dpm_orte.so
7f464b34e000-7f464b354000 r-xp 00000000 08:01 791442                     /usr/local/lib/openmpi/mca_btl_vader.so
7f464b354000-7f464b553000 ---p 00006000 08:01 791442                     /usr/local/lib/openmpi/mca_btl_vader.so
7f464b553000-7f464b554000 r--p 00005000 08:01 791442                     /usr/local/lib/openmpi/mca_btl_vader.so
7f464b554000-7f464b556000 rw-p 00006000 08:01 791442                     /usr/local/lib/openmpi/mca_btl_vader.so
7f464b556000-7f464b562000 r-xp 00000000 08:01 791433                     /usr/local/lib/openmpi/mca_btl_tcp.so
7f464b562000-7f464b761000 ---p 0000c000 08:01 791433                     /usr/local/lib/openmpi/mca_btl_tcp.so
7f464b761000-7f464b762000 r--p 0000b000 08:01 791433                     /usr/local/lib/openmpi/mca_btl_tcp.so
7f464b762000-7f464b763000 rw-p 0000c000 08:01 791433                     /usr/local/lib/openmpi/mca_btl_tcp.so
7f464b763000-7f464b7e3000 rw-p 00000000 00:00 0 
7f464b7e3000-7f464b7e9000 r-xp 00000000 08:01 791430                     /usr/local/lib/openmpi/mca_btl_sm.so
7f464b7e9000-7f464b9e8000 ---p 00006000 08:01 791430                     /usr/local/lib/openmpi/mca_btl_sm.so
7f464b9e8000-7f464b9e9000 r--p 00005000 08:01 791430                     /usr/local/lib/openmpi/mca_btl_sm.so
7f464b9e9000-7f464b9ea000 rw-p 00006000 08:01 791430                     /usr/local/lib/openmpi/mca_btl_sm.so
7f464b9ea000-7f464b9ed000 r-xp 00000000 08:01 791427                     /usr/local/lib/openmpi/mca_btl_self.so
7f464b9ed000-7f464bbec000 ---p 00003000 08:01 791427                     /usr/local/lib/openmpi/mca_btl_self.so
7f464bbec000-7f464bbed000 r--p 00002000 08:01 791427                     /usr/local/lib/openmpi/mca_btl_self.so
7f464bbed000-7f464bbee000 rw-p 00003000 08:01 791427                     /usr/local/lib/openmpi/mca_btl_self.so
7f464bbff000-7f464c000000 rw-s 00000000 08:01 2365143                    /tmp/openmpi-sessions-m6mostaf@scspc101_0/59802/1/3/vader_segment.scspc101.3
7f464c000000-7f464c021000 rw-p 00000000 00:00 0 
7f464c021000-7f4650000000 ---p 00000000 00:00 0 
7f4650000000-7f4650021000 rw-p 00000000 00:00 0 
7f4650021000-7f4654000000 ---p 00000000 00:00 0 
7f4654000000-7f4654021000 rw-p 00000000 00:00 0 
7f4654021000-7f4658000000 ---p 00000000 00:00 0 
7f4658000000-7f4658095000 rw-p 00000000 00:00 0 
7f4658095000-7f465c000000 ---p 00000000 00:00 0 
7f465c000000-7f465c04e000 rw-p 00000000 00:00 0 
7f465c04e000-7f4660000000 ---p 00000000 00:00 0 
7f4660000000-7f4660021000 rw-p 00000000 00:00 0 
7f4660021000-7f4664000000 ---p 00000000 00:00 0 
7f4664057000-7f466405a000 r-xp 00000000 08:01 791501                     /usr/local/lib/openmpi/mca_pubsub_orte.so
7f466405a000-7f4664259000 ---p 00003000 08:01 791501                     /usr/local/lib/openmpi/mca_pubsub_orte.so
7f4664259000-7f466425a000 r--p 00002000 08:01 791501                     /usr/local/lib/openmpi/mca_pubsub_orte.so
7f466425a000-7f466425b000 rw-p 00003000 08:01 791501                     /usr/local/lib/openmpi/mca_pubsub_orte.so
7f466425b000-7f466425e000 r-xp 00000000 08:01 791425                     /usr/local/lib/openmpi/mca_bml_r2.so
7f466425e000-7f466445d000 ---p 00003000 08:01 791425                     /usr/local/lib/openmpi/mca_bml_r2.so
7f466445d000-7f466445e000 r--p 00002000 08:01 791425                     /usr/local/lib/openmpi/mca_bml_r2.so
7f466445e000-7f466445f000 rw-p 00003000 08:01 791425                     /usr/local/lib/openmpi/mca_bml_r2.so
7f466445f000-7f4664461000 r-xp 00000000 08:01 44588                      /usr/local/lib/libmca_common_sm.so.4.0.4
7f4664461000-7f4664661000 ---p 00002000 08:01 44588                      /usr/local/lib/libmca_common_sm.so.4.0.4
7f4664661000-7f4664662000 r--p 00002000 08:01 44588                      /usr/local/lib/libmca_common_sm.so.4.0.4
7f4664662000-7f4664663000 rw-p 00003000 08:01 44588                      /usr/local/lib/libmca_common_sm.so.4.0.4
7f4664663000-7f4664665000 r-xp 00000000 08:01 791486                     /usr/local/lib/openmpi/mca_mpool_sm.so
7f4664665000-7f4664864000 ---p 00002000 08:01 791486                     /usr/local/lib/openmpi/mca_mpool_sm.so
7f4664864000-7f4664865000 r--p 00001000 08:01 791486                     /usr/local/lib/openmpi/mca_mpool_sm.so
7f4664865000-7f4664866000 rw-p 00002000 08:01 791486                     /usr/local/lib/openmpi/mca_mpool_sm.so
7f4664866000-7f4664869000 r-xp 00000000 08:01 791484                     /usr/local/lib/openmpi/mca_mpool_grdma.so
7f4664869000-7f4664a68000 ---p 00003000 08:01 791484                     /usr/local/lib/openmpi/mca_mpool_grdma.so
7f4664a68000-7f4664a69000 r--p 00002000 08:01 791484                     /usr/local/lib/openmpi/mca_mpool_grdma.so
7f4664a69000-7f4664a6a000 rw-p 00003000 08:01 791484                     /usr/local/lib/openmpi/mca_mpool_grdma.so
7f4664a6a000-7f4664a6e000 r-xp 00000000 08:01 791503                     /usr/local/lib/openmpi/mca_rcache_vma.so
7f4664a6e000-7f4664c6d000 ---p 00004000 08:01 791503                     /usr/local/lib/openmpi/mca_rcache_vma.so
7f4664c6d000-7f4664c6e000 r--p 00003000 08:01 791503                     /usr/local/lib/openmpi/mca_rcache_vma.so
7f4664c6e000-7f4664c6f000 rw-p 00004000 08:01 791503                     /usr/local/lib/openmpi/mca_rcache_vma.so
7f4664c6f000-7f4664c71000 r-xp 00000000 08:01 791416                     /usr/local/lib/openmpi/mca_allocator_bucket.so
7f4664c71000-7f4664e70000 ---p 00002000 08:01 791416                     /usr/local/lib/openmpi/mca_allocator_bucket.so
7f4664e70000-7f4664e71000 r--p 00001000 08:01 791416                     /usr/local/lib/openmpi/mca_allocator_bucket.so
7f4664e71000-7f4664e72000 rw-p 00002000 08:01 791416                     /usr/local/lib/openmpi/mca_allocator_bucket.so
7f4664e72000-7f4664e74000 r-xp 00000000 08:01 791418                     /usr/local/lib/openmpi/mca_allocator_basic.so
7f4664e74000-7f4665073000 ---p 00002000 08:01 791418                     /usr/local/lib/openmpi/mca_allocator_basic.so
7f4665073000-7f4665074000 r--p 00001000 08:01 791418                     /usr/local/lib/openmpi/mca_allocator_basic.so
7f4665074000-7f4665075000 rw-p 00002000 08:01 791418                     /usr/local/lib/openmpi/mca_allocator_basic.so
7f4665075000-7f4665076000 ---p 00000000 00:00 0 
7f4665076000-7f4665876000 rw-p 00000000 00:00 0 
7f4665876000-7f4665878000 r-xp 00000000 08:01 786890                     /usr/local/lib/openmpi/mca_grpcomm_bad.so
7f4665878000-7f4665a77000 ---p 00002000 08:01 786890                     /usr/local/lib/openmpi/mca_grpcomm_bad.so
7f4665a77000-7f4665a78000 r--p 00001000 08:01 786890                     /usr/local/lib/openmpi/mca_grpcomm_bad.so
7f4665a78000-7f4665a79000 rw-p 00002000 08:01 786890                     /usr/local/lib/openmpi/mca_grpcomm_bad.so
7f4665a79000-7f4665a7c000 r-xp 00000000 08:01 789028                     /usr/local/lib/openmpi/mca_rml_oob.so
7f4665a7c000-7f4665c7b000 ---p 00003000 08:01 789028                     /usr/local/lib/openmpi/mca_rml_oob.so
7f4665c7b000-7f4665c7c000 r--p 00002000 08:01 789028                     /usr/local/lib/openmpi/mca_rml_oob.so
7f4665c7c000-7f4665c7d000 rw-p 00003000 08:01 789028                     /usr/local/lib/openmpi/mca_rml_oob.so
7f4665c7d000-7f4665c8f000 r-xp 00000000 08:01 788537                     /usr/local/lib/openmpi/mca_oob_tcp.so
7f4665c8f000-7f4665e8f000 ---p 00012000 08:01 788537                     /usr/local/lib/openmpi/mca_oob_tcp.so
7f4665e8f000-7f4665e90000 r--p 00012000 08:01 788537                     /usr/local/lib/openmpi/mca_oob_tcp.so
7f4665e90000-7f4665e91000 rw-p 00013000 08:01 788537                     /usr/local/lib/openmpi/mca_oob_tcp.so
7f4665e91000-7f4665e93000 r-xp 00000000 08:01 786825                     /usr/local/lib/openmpi/mca_db_print.so
7f4665e93000-7f4666092000 ---p 00002000 08:01 786825                     /usr/local/lib/openmpi/mca_db_print.so
7f4666092000-7f4666093000 r--p 00001000 08:01 786825                     /usr/local/lib/openmpi/mca_db_print.so
7f4666093000-7f4666094000 rw-p 00002000 08:01 786825                     /usr/local/lib/openmpi/mca_db_print.so
7f4666094000-7f4666097000 r-xp 00000000 08:01 786827                     /usr/local/lib/openmpi/mca_db_hash.so
7f4666097000-7f4666296000 ---p 00003000 08:01 786827                     /usr/local/lib/openmpi/mca_db_hash.so
7f4666296000-7f4666297000 r--p 00002000 08:01 786827                     /usr/local/lib/openmpi/mca_db_hash.so
7f4666297000-7f4666298000 rw-p 00003000 08:01 786827                     /usr/local/lib/openmpi/mca_db_hash.so
7f4666298000-7f466629b000 r-xp 00000000 08:01 789629                     /usr/local/lib/openmpi/mca_routed_binomial.so
7f466629b000-7f466649b000 ---p 00003000 08:01 789629                     /usr/local/lib/openmpi/mca_routed_binomial.so
7f466649b000-7f466649c000 r--p 00003000 08:01 789629                     /usr/local/lib/openmpi/mca_routed_binomial.so
7f466649c000-7f466649d000 rw-p 00004000 08:01 789629                     /usr/local/lib/openmpi/mca_routed_binomial.so
7f466649d000-7f466649f000 r-xp 00000000 08:01 786875                     /usr/local/lib/openmpi/mca_errmgr_default_app.so
7f466649f000-7f466669e000 ---p 00002000 08:01 786875                     /usr/local/lib/openmpi/mca_errmgr_default_app.so
7f466669e000-7f466669f000 r--p 00001000 08:01 786875                     /usr/local/lib/openmpi/mca_errmgr_default_app.so
7f466669f000-7f46666a0000 rw-p 00002000 08:01 786875                     /usr/local/lib/openmpi/mca_errmgr_default_app.so
7f46666a0000-7f46666a2000 r-xp 00000000 08:01 789631                     /usr/local/lib/openmpi/mca_state_app.so
7f46666a2000-7f46668a1000 ---p 00002000 08:01 789631                     /usr/local/lib/openmpi/mca_state_app.so
7f46668a1000-7f46668a2000 r--p 00001000 08:01 789631                     /usr/local/lib/openmpi/mca_state_app.so
7f46668a2000-7f46668a3000 rw-p 00002000 08:01 789631                     /usr/local/lib/openmpi/mca_state_app.so
7f46668a3000-7f46668a5000 r-xp 00000000 08:01 786883                     /usr/local/lib/openmpi/mca_ess_env.so
7f46668a5000-7f4666aa4000 ---p 00002000 08:01 786883                     /usr/local/lib/openmpi/mca_ess_env.so
7f4666aa4000-7f4666aa5000 r--p 00001000 08:01 786883                     /usr/local/lib/openmpi/mca_ess_env.so
7f4666aa5000-7f4666aa6000 rw-p 00002000 08:01 786883                     /usr/local/lib/openmpi/mca_ess_env.so
7f4666aa6000-7f4666aa7000 r-xp 00000000 08:01 786831                     /usr/local/lib/openmpi/mca_sec_basic.so
7f4666aa7000-7f4666ca6000 ---p 00001000 08:01 786831                     /usr/local/lib/openmpi/mca_sec_basic.so
7f4666ca6000-7f4666ca7000 r--p 00000000 08:01 786831                     /usr/local/lib/openmpi/mca_sec_basic.so
7f4666ca7000-7f4666ca8000 rw-p 00001000 08:01 786831                     /usr/local/lib/openmpi/mca_sec_basic.so
7f4666ca8000-7f4666cab000 r-xp 00000000 08:01 786834                     /usr/local/lib/openmpi/mca_shmem_mmap.so
7f4666cab000-7f4666eaa000 ---p 00003000 08:01 786834                     /usr/local/lib/openmpi/mca_shmem_mmap.so
7f4666eaa000-7f4666eab000 r--p 00002000 08:01 786834                     /usr/local/lib/openmpi/mca_shmem_mmap.so
7f4666eab000-7f4666eac000 rw-p 00003000 08:01 786834                     /usr/local/lib/openmpi/mca_shmem_mmap.so
7f4666eac000-7f4666eae000 r-xp 00000000 08:01 56370                      /lib/x86_64-linux-gnu/libutil-2.15.so
7f4666eae000-7f46670ad000 ---p 00002000 08:01 56370                      /lib/x86_64-linux-gnu/libutil-2.15.so
7f46670ad000-7f46670ae000 r--p 00001000 08:01 56370                      /lib/x86_64-linux-gnu/libutil-2.15.so
7f46670ae000-7f46670af000 rw-p 00002000 08:01 56370                      /lib/x86_64-linux-gnu/libutil-2.15.so
7f46670af000-7f4667125000 r-xp 00000000 08:01 18092                      /usr/local/lib/libopen-rte.so.7.0.5
7f4667125000-7f4667325000 ---p 00076000 08:01 18092                      /usr/local/lib/libopen-rte.so.7.0.5
7f4667325000-7f4667326000 r--p 00076000 08:01 18092                      /usr/local/lib/libopen-rte.so.7.0.5
7f4667326000-7f4667329000 rw-p 00077000 08:01 18092                      /usr/local/lib/libopen-rte.so.7.0.5
7f4667329000-7f466732b000 rw-p 00000000 00:00 0 
7f466732b000-7f46673f0000 r-xp 00000000 08:01 4685                       /usr/local/lib/libopen-pal.so.6.2.1
7f46673f0000-7f46675f0000 ---p 000c5000 08:01 4685                       /usr/local/lib/libopen-pal.so.6.2.1
7f46675f0000-7f46675f4000 r--p 000c5000 08:01 4685                       /usr/local/lib/libopen-pal.so.6.2.1
7f46675f4000-7f46675f9000 rw-p 000c9000 08:01 4685                       /usr/local/lib/libopen-pal.so.6.2.1
7f46675f9000-7f46675ff000 rw-p 00000000 00:00 0 
7f46675ff000-7f46676b5000 r-xp 00000000 08:01 44540                      /usr/local/lib/libmpi.so.1.6.0
7f46676b5000-7f46678b4000 ---p 000b6000 08:01 44540                      /usr/local/lib/libmpi.so.1.6.0
7f46678b4000-7f46678b6000 r--p 000b5000 08:01 44540                      /usr/local/lib/libmpi.so.1.6.0
7f46678b6000-7f46678c6000 rw-p 000b7000 08:01 44540                      /usr/local/lib/libmpi.so.1.6.0
7f46678c6000-7f46678d9000 rw-p 00000000 00:00 0 
7f46678d9000-7f46678fa000 r-xp 00000000 08:01 60149                      /usr/local/lib/libmpi_java.so.1.2.0
7f46678fa000-7f4667af9000 ---p 00021000 08:01 60149                      /usr/local/lib/libmpi_java.so.1.2.0
7f4667af9000-7f4667afa000 r--p 00020000 08:01 60149                      /usr/local/lib/libmpi_java.so.1.2.0
7f4667afa000-7f4667afb000 rw-p 00021000 08:01 60149                      /usr/local/lib/libmpi_java.so.1.2.0
7f4667afb000-7f4667afc000 ---p 00000000 00:00 0 
7f4667afc000-7f4667bfc000 rw-p 00000000 00:00 0 
7f4667bfc000-7f4667bff000 ---p 00000000 00:00 0 
7f4667bff000-7f4667cfd000 rw-p 00000000 00:00 0 
7f4667cfd000-7f4667d00000 ---p 00000000 00:00 0 
7f4667d00000-7f4667dfe000 rw-p 00000000 00:00 0 
7f4667dfe000-7f4667e01000 ---p 00000000 00:00 0 
7f4667e01000-7f4667eff000 rw-p 00000000 00:00 0 
7f4667eff000-7f4667f02000 ---p 00000000 00:00 0 
7f4667f02000-7f4668000000 rw-p 00000000 00:00 0 
7f4668000000-7f4668021000 rw-p 00000000 00:00 0 
7f4668021000-7f466c000000 ---p 00000000 00:00 0 
7f466c000000-7f466c021000 rw-p 00000000 00:00 0 
7f466c021000-7f4670000000 ---p 00000000 00:00 0 
7f4670000000-7f4670021000 rw-p 00000000 00:00 0 
7f4670021000-7f4674000000 ---p 00000000 00:00 0 
7f4674000000-7f4674021000 rw-p 00000000 00:00 0 
7f4674021000-7f4678000000 ---p 00000000 00:00 0 
7f4678000000-7f4678021000 rw-p 00000000 00:00 0 
7f4678021000-7f467c000000 ---p 00000000 00:00 0 
7f467c000000-7f467c021000 rw-p 00000000 00:00 0 
7f467c021000-7f4680000000 ---p 00000000 00:00 0 
7f4680000000-7f4680021000 rw-p 00000000 00:00 0 
7f4680021000-7f4684000000 ---p 00000000 00:00 0 
7f468408c000-7f468408f000 ---p 00000000 00:00 0 
7f468408f000-7f468418d000 rw-p 00000000 00:00 0 
7f468418d000-7f4684882000 r--p 00000000 08:01 17182                      /usr/lib/locale/locale-archive
7f4684882000-7f4684885000 ---p 00000000 00:00 0 
7f4684885000-7f4684983000 rw-p 00000000 00:00 0 
7f4684983000-7f4684986000 ---p 00000000 00:00 0 
7f4684986000-7f4684a84000 rw-p 00000000 00:00 0 
7f4684a84000-7f4684a85000 ---p 00000000 00:00 0 
7f4684a85000-7f4689000000 rw-p 00000000 00:00 0 
7f4689000000-7f4689270000 rwxp 00000000 00:00 0 
7f4689270000-7f4698000000 ---p 00000000 00:00 0 
7f4698000000-7f46983e1000 rw-p 00000000 00:00 0 
7f46983e1000-7f469c000000 ---p 00000000 00:00 0 
7f469c0c8000-7f469c83f000 rw-p 00000000 00:00 0 
7f469c83f000-7f469ca15000 r--s 03cae000 08:01 17436828                   /usr/lib/jvm/java-8-oracle/jre/lib/rt.jar
7f469ca15000-7f469cf66000 rw-p 00000000 00:00 0 
7f469cf66000-7f469d2e6000 ---p 00000000 00:00 0 
7f469d2e6000-7f469d6a7000 rw-p 00000000 00:00 0 
7f469d6a7000-7f469d6a8000 ---p 00000000 00:00 0 
7f469d6a8000-7f469d7a8000 rw-p 00000000 00:00 0 
7f469d7a8000-7f469d7a9000 ---p 00000000 00:00 0 
7f469d7a9000-7f469d8a9000 rw-p 00000000 00:00 0 
7f469d8a9000-7f469d8aa000 ---p 00000000 00:00 0 
7f469d8aa000-7f469d9aa000 rw-p 00000000 00:00 0 
7f469d9aa000-7f469d9ab000 ---p 00000000 00:00 0 
7f469d9ab000-7f469dad4000 rw-p 00000000 00:00 0 
7f469dad4000-7f469dd2c000 ---p 00000000 00:00 0 
7f469dd2c000-7f469dd55000 rw-p 00000000 00:00 0 
7f469dd55000-7f469dfac000 ---p 00000000 00:00 0 
7f469dfac000-7f469dfc1000 rw-p 00000000 00:00 0 
7f469dfc1000-7f469e0ed000 ---p 00000000 00:00 0 
7f469e0ed000-7f469e0f8000 rw-p 00000000 00:00 0 
7f469e0f8000-7f469e4ae000 ---p 00000000 00:00 0 
7f469e4ae000-7f469e4c8000 r-xp 00000000 08:01 17436914                   /usr/lib/jvm/java-8-oracle/jre/lib/amd64/libzip.so
7f469e4c8000-7f469e6c8000 ---p 0001a000 08:01 17436914                   /usr/lib/jvm/java-8-oracle/jre/lib/amd64/libzip.so
7f469e6c8000-7f469e6c9000 rw-p 0001a000 08:01 17436914                   /usr/lib/jvm/java-8-oracle/jre/lib/amd64/libzip.so
7f469e6c9000-7f469e6f3000 r-xp 00000000 08:01 17436933                   /usr/lib/jvm/java-8-oracle/jre/lib/amd64/libjava.so
7f469e6f3000-7f469e8f3000 ---p 0002a000 08:01 17436933                   /usr/lib/jvm/java-8-oracle/jre/lib/amd64/libjava.so
7f469e8f3000-7f469e8f5000 rw-p 0002a000 08:01 17436933                   /usr/lib/jvm/java-8-oracle/jre/lib/amd64/libjava.so
7f469e8f5000-7f469e902000 r-xp 00000000 08:01 17436918                   /usr/lib/jvm/java-8-oracle/jre/lib/amd64/libverify.so
7f469e902000-7f469eb02000 ---p 0000d000 08:01 17436918                   /usr/lib/jvm/java-8-oracle/jre/lib/amd64/libverify.so
7f469eb02000-7f469eb04000 rw-p 0000d000 08:01 17436918                   /usr/lib/jvm/java-8-oracle/jre/lib/amd64/libverify.so
7f469eb04000-7f469eb0b000 r-xp 00000000 08:01 56376                      /lib/x86_64-linux-gnu/librt-2.15.so
7f469eb0b000-7f469ed0a000 ---p 00007000 08:01 56376                      /lib/x86_64-linux-gnu/librt-2.15.so
7f469ed0a000-7f469ed0b000 r--p 00006000 08:01 56376                      /lib/x86_64-linux-gnu/librt-2.15.so
7f469ed0b000-7f469ed0c000 rw-p 00007000 08:01 56376                      /lib/x86_64-linux-gnu/librt-2.15.so
7f469ed0c000-7f469ee07000 r-xp 00000000 08:01 56380                      /lib/x86_64-linux-gnu/libm-2.15.so
7f469ee07000-7f469f006000 ---p 000fb000 08:01 56380                      /lib/x86_64-linux-gnu/libm-2.15.so
7f469f006000-7f469f007000 r--p 000fa000 08:01 56380                      /lib/x86_64-linux-gnu/libm-2.15.so
7f469f007000-7f469f008000 rw-p 000fb000 08:01 56380                      /lib/x86_64-linux-gnu/libm-2.15.so
7f469f008000-7f469fc76000 r-xp 00000000 08:01 17436899                   /usr/lib/jvm/java-8-oracle/jre/lib/amd64/server/libjvm.so
7f469fc76000-7f469fe75000 ---p 00c6e000 08:01 17436899                   /usr/lib/jvm/java-8-oracle/jre/lib/amd64/server/libjvm.so
7f469fe75000-7f469ff4b000 rw-p 00c6d000 08:01 17436899                   /usr/lib/jvm/java-8-oracle/jre/lib/amd64/server/libjvm.so
7f469ff4b000-7f469ff8e000 rw-p 00000000 00:00 0 
7f469ff8e000-7f46a0143000 r-xp 00000000 08:01 56388                      /lib/x86_64-linux-gnu/libc-2.15.so
7f46a0143000-7f46a0342000 ---p 001b5000 08:01 56388                      /lib/x86_64-linux-gnu/libc-2.15.so
7f46a0342000-7f46a0346000 r--p 001b4000 08:01 56388                      /lib/x86_64-linux-gnu/libc-2.15.so
7f46a0346000-7f46a0348000 rw-p 001b8000 08:01 56388                      /lib/x86_64-linux-gnu/libc-2.15.so
7f46a0348000-7f46a034d000 rw-p 00000000 00:00 0 
7f46a034d000-7f46a034f000 r-xp 00000000 08:01 56386                      /lib/x86_64-linux-gnu/libdl-2.15.so
7f46a034f000-7f46a054f000 ---p 00002000 08:01 56386                      /lib/x86_64-linux-gnu/libdl-2.15.so
7f46a054f000-7f46a0550000 r--p 00002000 08:01 56386                      /lib/x86_64-linux-gnu/libdl-2.15.so
7f46a0550000-7f46a0551000 rw-p 00003000 08:01 56386                      /lib/x86_64-linux-gnu/libdl-2.15.so
7f46a0551000-7f46a0566000 r-xp 00000000 08:01 17436901                   /usr/lib/jvm/java-8-oracle/jre/lib/amd64/jli/libjli.so
7f46a0566000-7f46a0765000 ---p 00015000 08:01 17436901                   /usr/lib/jvm/java-8-oracle/jre/lib/amd64/jli/libjli.so
7f46a0765000-7f46a0766000 rw-p 00014000 08:01 17436901                   /usr/lib/jvm/java-8-oracle/jre/lib/amd64/jli/libjli.so
7f46a0766000-7f46a077e000 r-xp 00000000 08:01 56374                      /lib/x86_64-linux-gnu/libpthread-2.15.so
7f46a077e000-7f46a097d000 ---p 00018000 08:01 56374                      /lib/x86_64-linux-gnu/libpthread-2.15.so
7f46a097d000-7f46a097e000 r--p 00017000 08:01 56374                      /lib/x86_64-linux-gnu/libpthread-2.15.so
7f46a097e000-7f46a097f000 rw-p 00018000 08:01 56374                      /lib/x86_64-linux-gnu/libpthread-2.15.so
7f46a097f000-7f46a0983000 rw-p 00000000 00:00 0 
7f46a0983000-7f46a09a5000 r-xp 00000000 08:01 56375                      /lib/x86_64-linux-gnu/ld-2.15.so
7f46a09c8000-7f46a09cf000 r--s 00000000 08:01 56337                      /usr/lib/x86_64-linux-gnu/gconv/gconv-modules.cache
7f46a09cf000-7f46a09d1000 r--s 0000d000 08:01 60148                      /usr/local/lib/mpi.jar
7f46a09d1000-7f46a09d5000 r--s 0002a000 08:01 16914575                   /home/m6mostaf/code-java/mpi-code/ADM-Java/libs/commons-io-2.4.jar
7f46a09d5000-7f46a0a44000 rw-p 00000000 00:00 0 
7f46a0a44000-7f46a0a79000 r--s 00000000 08:01 427238                     /var/cache/nscd/passwd
7f46a0a79000-7f46a0a7c000 ---p 00000000 00:00 0 
7f46a0a7c000-7f46a0b7e000 rw-p 00000000 00:00 0 
7f46a0b7f000-7f46a0b80000 rw-p 00000000 00:00 0 
7f46a0b80000-7f46a0b81000 rw-s 00000000 08:01 1190008                    /tmp/openmpi-sessions-m6mostaf@scspc101_0/59802/1/shared_mem_btl_module.scspc101 (deleted)
7f46a0b81000-7f46a0b86000 r--s 0002f000 08:01 2228467                    /home/m6mostaf/code-java/mpi-code/ADM-Java/libs/gson-2.3.1.jar
7f46a0b86000-7f46a0b99000 r--s 00131000 08:01 2228777                    /home/m6mostaf/code-java/mpi-code/ADM-Java/libs/lombok.jar
7f46a0b99000-7f46a0ba1000 rw-s 00000000 08:01 795210                     /tmp/hsperfdata_m6mostaf/31154
7f46a0ba1000-7f46a0ba2000 rw-p 00000000 00:00 0 
7f46a0ba2000-7f46a0ba3000 r--p 00000000 00:00 0 
7f46a0ba3000-7f46a0ba5000 rw-p 00000000 00:00 0 
7f46a0ba5000-7f46a0ba6000 r--p 00022000 08:01 56375                      /lib/x86_64-linux-gnu/ld-2.15.so
7f46a0ba6000-7f46a0ba8000 rw-p 00023000 08:01 56375                      /lib/x86_64-linux-gnu/ld-2.15.so
7fffed733000-7fffed755000 rw-p 00000000 00:00 0                          [stack]
7fffed7ff000-7fffed800000 r-xp 00000000 00:00 0                          [vdso]
ffffffffff600000-ffffffffff601000 r-xp 00000000 00:00 0                  [vsyscall]

VM Arguments:
jvm_args: -Djava.library.path=/usr/local/lib 
java_command: ca.mcmaster.capstone.program.Node
java_class_path (initial): /home/m6mostaf/code-java/mpi-code/ADM-Java/target/classes:/ca/mcmaster/capstone/program/*:/ca/mcmaster/capstone/monitoralgorithm/*:/ca/mcmaster/capstone/util/*:/ca/mcmaster/capstone/initializer/*:/ca/mcmaster/capstone/logger/*:../../libs/lombok.jar:../../libs/gson-2.3.1.jar:../../libs/commons-io-2.4.jar:/usr/local/lib/mpi.jar
Launcher Type: SUN_STANDARD

Environment Variables:
PATH=/usr/lib/lightdm/lightdm:/usr/local/sbin:/usr/local/bin:/usr/sbin:/usr/bin:/sbin:/bin:/usr/games
SHELL=/bin/bash
DISPLAY=:0

Signal Handlers:
SIGSEGV: [libjvm.so+0xa7a650], sa_mask[0]=11111111011111111101111111111110, sa_flags=SA_RESTART|SA_SIGINFO
SIGBUS: [libjvm.so+0xa7a650], sa_mask[0]=11111111011111111101111111111110, sa_flags=SA_RESTART|SA_SIGINFO
SIGFPE: [libjvm.so+0x8e28f0], sa_mask[0]=11111111011111111101111111111110, sa_flags=SA_RESTART|SA_SIGINFO
SIGPIPE: [libjvm.so+0x8e28f0], sa_mask[0]=11111111011111111101111111111110, sa_flags=SA_RESTART|SA_SIGINFO
SIGXFSZ: [libjvm.so+0x8e28f0], sa_mask[0]=11111111011111111101111111111110, sa_flags=SA_RESTART|SA_SIGINFO
SIGILL: [libjvm.so+0x8e28f0], sa_mask[0]=11111111011111111101111111111110, sa_flags=SA_RESTART|SA_SIGINFO
SIGUSR1: SIG_DFL, sa_mask[0]=00000000000000000000000000000000, sa_flags=none
SIGUSR2: [libjvm.so+0x8e4120], sa_mask[0]=00000000000000000000000000000000, sa_flags=SA_RESTART|SA_SIGINFO
SIGHUP: [libjvm.so+0x8e54e0], sa_mask[0]=11111111011111111101111111111110, sa_flags=SA_RESTART|SA_SIGINFO
SIGINT: [libjvm.so+0x8e54e0], sa_mask[0]=11111111011111111101111111111110, sa_flags=SA_RESTART|SA_SIGINFO
SIGTERM: [libjvm.so+0x8e54e0], sa_mask[0]=11111111011111111101111111111110, sa_flags=SA_RESTART|SA_SIGINFO
SIGQUIT: [libjvm.so+0x8e54e0], sa_mask[0]=11111111011111111101111111111110, sa_flags=SA_RESTART|SA_SIGINFO


---------------  S Y S T E M  ---------------

OS:DISTRIB_ID=Ubuntu
DISTRIB_RELEASE=12.04
DISTRIB_CODENAME=precise
DISTRIB_DESCRIPTION="Ubuntu 12.04.5 LTS"

uname:Linux 3.2.0-76-generic #111-Ubuntu SMP Tue Jan 13 22:16:09 UTC 2015 x86_64
libc:glibc 2.15 NPTL 2.15 
rlimit: STACK 8192k, CORE 0k, NPROC 61358, NOFILE 4096, AS infinity
load average:1.05 0.68 0.62

/proc/meminfo:
MemTotal:        7871988 kB
MemFree:          197828 kB
Buffers:          255236 kB
Cached:          2790436 kB
SwapCached:            0 kB
Active:          5496580 kB
Inactive:        1655692 kB
Active(anon):    4382040 kB
Inactive(anon):   539568 kB
Active(file):    1114540 kB
Inactive(file):  1116124 kB
Unevictable:         136 kB
Mlocked:             136 kB
SwapTotal:             0 kB
SwapFree:              0 kB
Dirty:              4308 kB
Writeback:             0 kB
AnonPages:       4107360 kB
Mapped:           228552 kB
Shmem:            814468 kB
Slab:             320832 kB
SReclaimable:     253200 kB
SUnreclaim:        67632 kB
KernelStack:        7960 kB
PageTables:        70620 kB
NFS_Unstable:          0 kB
Bounce:                0 kB
WritebackTmp:          0 kB
CommitLimit:     3935992 kB
Committed_AS:   13374768 kB
VmallocTotal:   34359738367 kB
VmallocUsed:      368904 kB
VmallocChunk:   34359303216 kB
HardwareCorrupted:     0 kB
AnonHugePages:         0 kB
HugePages_Total:       0
HugePages_Free:        0
HugePages_Rsvd:        0
HugePages_Surp:        0
Hugepagesize:       2048 kB
DirectMap4k:       68804 kB
DirectMap2M:     8011776 kB


CPU:total 4 (2 cores per cpu, 2 threads per core) family 6 model 58 stepping 9, cmov, cx8, fxsr, mmx, sse, sse2, sse3, ssse3, sse4.1, sse4.2, popcnt, avx, aes, clmul, erms, ht, tsc, tscinvbit, tscinv

/proc/cpuinfo:
processor	: 0
vendor_id	: GenuineIntel
cpu family	: 6
model		: 58
model name	: Intel(R) Core(TM) i5-3320M CPU @ 2.60GHz
stepping	: 9
microcode	: 0x17
cpu MHz		: 1200.000
cache size	: 3072 KB
physical id	: 0
siblings	: 4
core id		: 0
cpu cores	: 2
apicid		: 0
initial apicid	: 0
fpu		: yes
fpu_exception	: yes
cpuid level	: 13
wp		: yes
flags		: fpu vme de pse tsc msr pae mce cx8 apic sep mtrr pge mca cmov pat pse36 clflush dts acpi mmx fxsr sse sse2 ss ht tm pbe syscall nx rdtscp lm constant_tsc arch_perfmon pebs bts rep_good nopl xtopology nonstop_tsc aperfmperf pni pclmulqdq dtes64 monitor ds_cpl vmx smx est tm2 ssse3 cx16 xtpr pdcm pcid sse4_1 sse4_2 x2apic popcnt tsc_deadline_timer aes xsave avx f16c rdrand lahf_lm ida arat epb xsaveopt pln pts dtherm tpr_shadow vnmi flexpriority ept vpid fsgsbase smep erms
bogomips	: 5188.57
clflush size	: 64
cache_alignment	: 64
address sizes	: 36 bits physical, 48 bits virtual
power management:

processor	: 1
vendor_id	: GenuineIntel
cpu family	: 6
model		: 58
model name	: Intel(R) Core(TM) i5-3320M CPU @ 2.60GHz
stepping	: 9
microcode	: 0x17
cpu MHz		: 1200.000
cache size	: 3072 KB
physical id	: 0
siblings	: 4
core id		: 0
cpu cores	: 2
apicid		: 1
initial apicid	: 1
fpu		: yes
fpu_exception	: yes
cpuid level	: 13
wp		: yes
flags		: fpu vme de pse tsc msr pae mce cx8 apic sep mtrr pge mca cmov pat pse36 clflush dts acpi mmx fxsr sse sse2 ss ht tm pbe syscall nx rdtscp lm constant_tsc arch_perfmon pebs bts rep_good nopl xtopology nonstop_tsc aperfmperf pni pclmulqdq dtes64 monitor ds_cpl vmx smx est tm2 ssse3 cx16 xtpr pdcm pcid sse4_1 sse4_2 x2apic popcnt tsc_deadline_timer aes xsave avx f16c rdrand lahf_lm ida arat epb xsaveopt pln pts dtherm tpr_shadow vnmi flexpriority ept vpid fsgsbase smep erms
bogomips	: 5188.20
clflush size	: 64
cache_alignment	: 64
address sizes	: 36 bits physical, 48 bits virtual
power management:

processor	: 2
vendor_id	: GenuineIntel
cpu family	: 6
model		: 58
model name	: Intel(R) Core(TM) i5-3320M CPU @ 2.60GHz
stepping	: 9
microcode	: 0x17
cpu MHz		: 1200.000
cache size	: 3072 KB
physical id	: 0
siblings	: 4
core id		: 1
cpu cores	: 2
apicid		: 2
initial apicid	: 2
fpu		: yes
fpu_exception	: yes
cpuid level	: 13
wp		: yes
flags		: fpu vme de pse tsc msr pae mce cx8 apic sep mtrr pge mca cmov pat pse36 clflush dts acpi mmx fxsr sse sse2 ss ht tm pbe syscall nx rdtscp lm constant_tsc arch_perfmon pebs bts rep_good nopl xtopology nonstop_tsc aperfmperf pni pclmulqdq dtes64 monitor ds_cpl vmx smx est tm2 ssse3 cx16 xtpr pdcm pcid sse4_1 sse4_2 x2apic popcnt tsc_deadline_timer aes xsave avx f16c rdrand lahf_lm ida arat epb xsaveopt pln pts dtherm tpr_shadow vnmi flexpriority ept vpid fsgsbase smep erms
bogomips	: 5188.24
clflush size	: 64
cache_alignment	: 64
address sizes	: 36 bits physical, 48 bits virtual
power management:

processor	: 3
vendor_id	: GenuineIntel
cpu family	: 6
model		: 58
model name	: Intel(R) Core(TM) i5-3320M CPU @ 2.60GHz
stepping	: 9
microcode	: 0x17
cpu MHz		: 1200.000
cache size	: 3072 KB
physical id	: 0
siblings	: 4
core id		: 1
cpu cores	: 2
apicid		: 3
initial apicid	: 3
fpu		: yes
fpu_exception	: yes
cpuid level	: 13
wp		: yes
flags		: fpu vme de pse tsc msr pae mce cx8 apic sep mtrr pge mca cmov pat pse36 clflush dts acpi mmx fxsr sse sse2 ss ht tm pbe syscall nx rdtscp lm constant_tsc arch_perfmon pebs bts rep_good nopl xtopology nonstop_tsc aperfmperf pni pclmulqdq dtes64 monitor ds_cpl vmx smx est tm2 ssse3 cx16 xtpr pdcm pcid sse4_1 sse4_2 x2apic popcnt tsc_deadline_timer aes xsave avx f16c rdrand lahf_lm ida arat epb xsaveopt pln pts dtherm tpr_shadow vnmi flexpriority ept vpid fsgsbase smep erms
bogomips	: 5188.23
clflush size	: 64
cache_alignment	: 64
address sizes	: 36 bits physical, 48 bits virtual
power management:



Memory: 4k page, physical 7871988k(196340k free), swap 0k(0k free)

vm_info: Java HotSpot(TM) 64-Bit Server VM (25.31-b07) for linux-amd64 JRE (1.8.0_31-b13), built on Dec 17 2014 20:40:15 by "java_re" with gcc 4.3.0 20080428 (Red Hat 4.3.0-8)

time: Wed Feb 25 12:35:38 2015
elapsed time: 1 seconds (0d 0h 0m 1s)

