#
# A fatal error has been detected by the Java Runtime Environment:
#
#  SIGSEGV (0xb) at pc=0x00007fa64d46a1fb, pid=31840, tid=140352248923904
#
# JRE version: Java(TM) SE Runtime Environment (8.0_31-b13) (build 1.8.0_31-b13)
# Java VM: Java HotSpot(TM) 64-Bit Server VM (25.31-b07 mixed mode linux-amd64 compressed oops)
# Problematic frame:
# C  [libc.so.6+0x1491fb]
#
# Failed to write core dump. Core dumps have been disabled. To enable core dumping, try "ulimit -c unlimited" before starting Java again
#
# If you would like to submit a bug report, please visit:
#   http://bugreport.java.com/bugreport/crash.jsp
# The crash happened outside the Java Virtual Machine in native code.
# See problematic frame for where to report the bug.
#

---------------  T H R E A D  ---------------

Current thread (0x00007fa648007800):  JavaThread "main" [_thread_in_native, id=31850, stack(0x00007fa64de0c000,0x00007fa64df0d000)]

siginfo: si_signo: 11 (SIGSEGV), si_code: 2 (SEGV_ACCERR), si_addr: 0x00007fa6483be000

Registers:
RAX=0x00007fa624fb5c98, RBX=0x00007fa648374300, RCX=0x0000000000008000, RDX=0x00000000000005c0
RSP=0x00007fa64df0b428, RBP=0x00007fa6246d83f0, RSI=0x00007fa6483bdfb8, RDI=0x00007fa624fb65a0
R8 =0x00007fa624fb5c98, R9 =0x00007fa64d46a1e0, R10=0x00007fa64df0b4d8, R11=0x00007fa64d4a4e90
R12=0x00000000000000ff, R13=0x00007fa6483bd6b0, R14=0x00007fa6246d7240, R15=0x0000000000000fe8
RIP=0x00007fa64d46a1fb, EFLAGS=0x0000000000010206, CSGSFS=0x0000000000000033, ERR=0x0000000000000004
  TRAPNO=0x000000000000000e

Top of Stack: (sp=0x00007fa64df0b428)
0x00007fa64df0b428:   00007fa6244d3295 0000000000000000
0x00007fa64df0b438:   00007fa64837d7b0 00000000002161e8
0x00007fa64df0b448:   0000000000000000 00007fa648372ea8
0x00007fa64df0b458:   0000000000000fc8 00007fa648375680
0x00007fa64df0b468:   00007fa64dd24774 0000000100000005
0x00007fa64df0b478:   0000000000000000 00007fa5f7de9fd0
0x00007fa64df0b488:   00007fa648372c00 00007fa64837d7b0
0x00007fa64df0b498:   0000000000000008 0000000000000000
0x00007fa64df0b4a8:   00007fa648372ea8 0000000000000fc8
0x00007fa64df0b4b8:   00007fa5f7dfb793 00007fa64df0b4d8
0x00007fa64df0b4c8:   0000000000000003 0000000000000fc8
0x00007fa64df0b4d8:   0000000000000fc8 00007fa648372c00
0x00007fa64df0b4e8:   00007fa64837d7b0 00007fa64837d6c0
0x00007fa64df0b4f8:   00007fa648372c00 0000000000000000
0x00007fa64df0b508:   00007fa5f7df1d4d 00007fa64837d6c0
0x00007fa64df0b518:   00007fa634979d00 00007fa64df0b720
0x00007fa64df0b528:   00007fa648007800 000000063498c000
0x00007fa64df0b538:   00007fa63496bc20 00007fa648199850
0x00007fa64df0b548:   0000000100010000 00007fa6346bde10
0x00007fa64df0b558:   00007fa63496bc20 00007fa634979d00
0x00007fa64df0b568:   00007fa6483bd6b0 00000000000186a0
0x00007fa64df0b578:   00007fa64df0b5f8 00007fa648007800
0x00007fa64df0b588:   00007fa634716897 00007fa634979d00
0x00007fa64df0b598:   00007fa64df0b5f8 00007fa63496bc20
0x00007fa64df0b5a8:   00000000000186a0 00007fa6480079e8
0x00007fa64df0b5b8:   00007fa63496bc20 00007fa634979d00
0x00007fa64df0b5c8:   00000000000186a0 00007fa64df0b720
0x00007fa64df0b5d8:   00007fa6349992ef 00007fa64df0b5f8
0x00007fa64df0b5e8:   00007fa64cc12f61 00007fa64df0b778
0x00007fa64df0b5f8:   00007fa6372018f8 0000000000000000
0x00007fa64df0b608:   00007fa6372018f8 00007fa64df0b6c0
0x00007fa64df0b618:   0000000000000000 00007fa6372018f0 

Instructions: (pc=0x00007fa64d46a1fb)
0x00007fa64d46a1db:   00 00 00 00 00 48 81 ea 80 00 00 00 0f 28 4e f8
0x00007fa64d46a1eb:   0f 28 56 08 0f 28 5e 18 0f 28 66 28 0f 28 6e 38
0x00007fa64d46a1fb:   0f 28 76 48 0f 28 7e 58 44 0f 28 46 68 44 0f 28
0x00007fa64d46a20b:   4e 78 48 8d b6 80 00 00 00 66 45 0f 3a 0f c8 08 

Register to memory mapping:

RAX=0x00007fa624fb5c98 is an unknown value
RBX=0x00007fa648374300 is an unknown value
RCX=0x0000000000008000 is an unknown value
RDX=0x00000000000005c0 is an unknown value
RSP=0x00007fa64df0b428 is pointing into the stack for thread: 0x00007fa648007800
RBP=0x00007fa6246d83f0: mca_btl_vader_component+0x11b0 in /usr/local/lib/openmpi/mca_btl_vader.so at 0x00007fa6244d1000
RSI=0x00007fa6483bdfb8 is an unknown value
RDI=0x00007fa624fb65a0 is an unknown value
R8 =0x00007fa624fb5c98 is an unknown value
R9 =0x00007fa64d46a1e0: <offset 0x1491e0> in /lib/x86_64-linux-gnu/libc.so.6 at 0x00007fa64d321000
R10=0x00007fa64df0b4d8 is pointing into the stack for thread: 0x00007fa648007800
R11=0x00007fa64d4a4e90: <offset 0x183e90> in /lib/x86_64-linux-gnu/libc.so.6 at 0x00007fa64d321000
R12=0x00000000000000ff is an unknown value
R13=0x00007fa6483bd6b0 is an unknown value
R14=0x00007fa6246d7240: mca_btl_vader_component+0 in /usr/local/lib/openmpi/mca_btl_vader.so at 0x00007fa6244d1000
R15=0x0000000000000fe8 is an unknown value


Stack: [0x00007fa64de0c000,0x00007fa64df0d000],  sp=0x00007fa64df0b428,  free space=1021k
Native frames: (J=compiled Java code, j=interpreted, Vv=VM code, C=native code)
C  [libc.so.6+0x1491fb]

Java frames: (J=compiled Java code, j=interpreted, Vv=VM code)
j  mpi.Comm.iSend(JLjava/nio/Buffer;IJII)J+0
j  mpi.Comm.iSend(Ljava/nio/Buffer;ILmpi/Datatype;II)Lmpi/Request;+26
j  ca.mcmaster.capstone.program.ProgramNode.sendEventToMonitor(Lca/mcmaster/capstone/util/MessageTags;)V+144
j  ca.mcmaster.capstone.program.ProgramNode.<init>(II)V+119
j  ca.mcmaster.capstone.program.Node.main([Ljava/lang/String;)V+38
v  ~StubRoutines::call_stub

---------------  P R O C E S S  ---------------

Java Threads: ( => current thread )
  0x00007fa6480b1800 JavaThread "Service Thread" daemon [_thread_blocked, id=31947, stack(0x00007fa634caf000,0x00007fa634db0000)]
  0x00007fa6480ae800 JavaThread "C1 CompilerThread2" daemon [_thread_blocked, id=31944, stack(0x00007fa634db0000,0x00007fa634eb1000)]
  0x00007fa6480ad000 JavaThread "C2 CompilerThread1" daemon [_thread_blocked, id=31942, stack(0x00007fa634eb1000,0x00007fa634fb2000)]
  0x00007fa6480aa000 JavaThread "C2 CompilerThread0" daemon [_thread_blocked, id=31941, stack(0x00007fa634fb2000,0x00007fa6350b3000)]
  0x00007fa6480a8000 JavaThread "Signal Dispatcher" daemon [_thread_blocked, id=31939, stack(0x00007fa6350b3000,0x00007fa6351b4000)]
  0x00007fa64807a000 JavaThread "Finalizer" daemon [_thread_blocked, id=31902, stack(0x00007fa6358a9000,0x00007fa6359aa000)]
  0x00007fa648078000 JavaThread "Reference Handler" daemon [_thread_blocked, id=31897, stack(0x00007fa6359aa000,0x00007fa635aab000)]
=>0x00007fa648007800 JavaThread "main" [_thread_in_native, id=31850, stack(0x00007fa64de0c000,0x00007fa64df0d000)]

Other Threads:
  0x00007fa648073000 VMThread [stack: 0x00007fa635aab000,0x00007fa635bac000] [id=31889]
  0x00007fa6480c0800 WatcherThread [stack: 0x00007fa634bae000,0x00007fa634caf000] [id=31949]

VM state:not at safepoint (normal execution)

VM Mutex/Monitor currently owned by a thread: None

Heap:
 PSYoungGen      total 36352K, used 3124K [0x00000000d7f80000, 0x00000000da800000, 0x0000000100000000)
  eden space 31232K, 10% used [0x00000000d7f80000,0x00000000d828d1b0,0x00000000d9e00000)
  from space 5120K, 0% used [0x00000000da300000,0x00000000da300000,0x00000000da800000)
  to   space 5120K, 0% used [0x00000000d9e00000,0x00000000d9e00000,0x00000000da300000)
 ParOldGen       total 83456K, used 0K [0x0000000087e00000, 0x000000008cf80000, 0x00000000d7f80000)
  object space 83456K, 0% used [0x0000000087e00000,0x0000000087e00000,0x000000008cf80000)
 Metaspace       used 3501K, capacity 4832K, committed 5120K, reserved 1056768K
  class space    used 375K, capacity 432K, committed 512K, reserved 1048576K

Card table byte_map: [0x00007fa638020000,0x00007fa6383e2000] byte_map_base: 0x00007fa637be1000

Marking Bits: (ParMarkBitMap*) 0x00007fa64d2f62a0
 Begin Bits: [0x00007fa62c3f0000, 0x00007fa62e1f8000)
 End Bits:   [0x00007fa62e1f8000, 0x00007fa630000000)

Polling page: 0x00007fa64df35000

CodeCache: size=245760Kb used=1301Kb max_used=1301Kb free=244458Kb
 bounds [0x00007fa6387a2000, 0x00007fa638a12000, 0x00007fa6477a2000]
 total_blobs=410 nmethods=113 adapters=212
 compilation: enabled

Compilation events (10 events):
Event: 1.538 Thread 0x00007fa6480ae800  108       3       sun.reflect.ByteVectorImpl::get (26 bytes)
Event: 1.539 Thread 0x00007fa6480ae800 nmethod 108 0x00007fa6388e5310 code [0x00007fa6388e5480, 0x00007fa6388e5688]
Event: 1.542 Thread 0x00007fa6480ae800  109   !   3       sun.reflect.UTF8::encode (191 bytes)
Event: 1.544 Thread 0x00007fa6480ae800 nmethod 109 0x00007fa6388e42d0 code [0x00007fa6388e44c0, 0x00007fa6388e4d68]
Event: 1.556 Thread 0x00007fa6480ae800  110   !   3       java.util.concurrent.ConcurrentHashMap::putVal (362 bytes)
Event: 1.562 Thread 0x00007fa6480ae800 nmethod 110 0x00007fa6388e5b50 code [0x00007fa6388e5e20, 0x00007fa6388e7798]
Event: 1.571 Thread 0x00007fa6480ae800  111       1       java.lang.reflect.Field::getName (5 bytes)
Event: 1.571 Thread 0x00007fa6480ae800 nmethod 111 0x00007fa6388e4010 code [0x00007fa6388e4160, 0x00007fa6388e4270]
Event: 1.586 Thread 0x00007fa6480ae800  112       3       java.nio.DirectByteBuffer::put (18 bytes)
Event: 1.587 Thread 0x00007fa6480ae800 nmethod 112 0x00007fa6388e3910 code [0x00007fa6388e3a80, 0x00007fa6388e3cf0]

GC Heap History (0 events):
No events

Deoptimization events (0 events):
No events

Internal exceptions (10 events):
Event: 1.332 Thread 0x00007fa648007800 Exception <a 'java/security/PrivilegedActionException'> (0x00000000d81e3b30) thrown at [/HUDSON/workspace/8-2-build-linux-amd64/jdk8u31/2394/hotspot/src/share/vm/prims/jvm.cpp, line 1312]
Event: 1.340 Thread 0x00007fa648007800 Exception <a 'java/security/PrivilegedActionException'> (0x00000000d81e62d8) thrown at [/HUDSON/workspace/8-2-build-linux-amd64/jdk8u31/2394/hotspot/src/share/vm/prims/jvm.cpp, line 1312]
Event: 1.342 Thread 0x00007fa648007800 Exception <a 'java/security/PrivilegedActionException'> (0x00000000d81eb098) thrown at [/HUDSON/workspace/8-2-build-linux-amd64/jdk8u31/2394/hotspot/src/share/vm/prims/jvm.cpp, line 1312]
Event: 1.354 Thread 0x00007fa648007800 Exception <a 'java/security/PrivilegedActionException'> (0x00000000d81efb10) thrown at [/HUDSON/workspace/8-2-build-linux-amd64/jdk8u31/2394/hotspot/src/share/vm/prims/jvm.cpp, line 1312]
Event: 1.375 Thread 0x00007fa648007800 Exception <a 'java/security/PrivilegedActionException'> (0x00000000d81f27c0) thrown at [/HUDSON/workspace/8-2-build-linux-amd64/jdk8u31/2394/hotspot/src/share/vm/prims/jvm.cpp, line 1312]
Event: 1.385 Thread 0x00007fa648007800 Exception <a 'java/security/PrivilegedActionException'> (0x00000000d81f6368) thrown at [/HUDSON/workspace/8-2-build-linux-amd64/jdk8u31/2394/hotspot/src/share/vm/prims/jvm.cpp, line 1312]
Event: 1.386 Thread 0x00007fa648007800 Exception <a 'java/security/PrivilegedActionException'> (0x00000000d81f8e18) thrown at [/HUDSON/workspace/8-2-build-linux-amd64/jdk8u31/2394/hotspot/src/share/vm/prims/jvm.cpp, line 1312]
Event: 1.390 Thread 0x00007fa648007800 Exception <a 'java/security/PrivilegedActionException'> (0x00000000d81fc930) thrown at [/HUDSON/workspace/8-2-build-linux-amd64/jdk8u31/2394/hotspot/src/share/vm/prims/jvm.cpp, line 1312]
Event: 1.450 Thread 0x00007fa648007800 Exception <a 'java/security/PrivilegedActionException'> (0x00000000d820a910) thrown at [/HUDSON/workspace/8-2-build-linux-amd64/jdk8u31/2394/hotspot/src/share/vm/prims/jvm.cpp, line 1312]
Event: 1.496 Thread 0x00007fa648007800 Exception <a 'java/security/PrivilegedActionException'> (0x00000000d8215aa0) thrown at [/HUDSON/workspace/8-2-build-linux-amd64/jdk8u31/2394/hotspot/src/share/vm/prims/jvm.cpp, line 1312]

Events (10 events):
Event: 1.546 loading class java/lang/NumberFormatException
Event: 1.546 loading class java/lang/NumberFormatException done
Event: 1.563 loading class java/io/ObjectStreamClass$ExceptionInfo
Event: 1.563 loading class java/io/ObjectStreamClass$ExceptionInfo done
Event: 1.566 loading class sun/reflect/UnsafeQualifiedStaticObjectFieldAccessorImpl
Event: 1.566 loading class sun/reflect/UnsafeQualifiedStaticObjectFieldAccessorImpl done
Event: 1.567 loading class java/io/UnsupportedEncodingException
Event: 1.567 loading class java/io/UnsupportedEncodingException done
Event: 1.574 loading class java/nio/DirectByteBuffer$Deallocator
Event: 1.574 loading class java/nio/DirectByteBuffer$Deallocator done


Dynamic libraries:
00400000-00401000 r-xp 00000000 08:01 17437063                           /usr/lib/jvm/java-8-oracle/jre/bin/java
00600000-00601000 rw-p 00000000 08:01 17437063                           /usr/lib/jvm/java-8-oracle/jre/bin/java
01a2c000-01a4d000 rw-p 00000000 00:00 0                                  [heap]
87e00000-8cf80000 rw-p 00000000 00:00 0 
8cf80000-d7f80000 ---p 00000000 00:00 0 
d7f80000-da800000 rw-p 00000000 00:00 0 
da800000-100000000 ---p 00000000 00:00 0 
100000000-100080000 rw-p 00000000 00:00 0 
100080000-140000000 ---p 00000000 00:00 0 
7fa5e7fff000-7fa5f0000000 rw-s 00000000 08:01 1190010                    /tmp/openmpi-sessions-m6mostaf@scspc101_0/60522/1/shared_mem_pool.scspc101 (deleted)
7fa5f0000000-7fa5f0021000 rw-p 00000000 00:00 0 
7fa5f0021000-7fa5f4000000 ---p 00000000 00:00 0 
7fa5f4f52000-7fa5f5353000 rw-s 00000000 08:01 1190009                    /tmp/openmpi-sessions-m6mostaf@scspc101_0/60522/1/7/vader_segment.scspc101.7
7fa5f5353000-7fa5f5754000 rw-s 00000000 08:01 3420099                    /tmp/openmpi-sessions-m6mostaf@scspc101_0/60522/1/6/vader_segment.scspc101.6
7fa5f5754000-7fa5f5b55000 rw-s 00000000 08:01 1190007                    /tmp/openmpi-sessions-m6mostaf@scspc101_0/60522/1/5/vader_segment.scspc101.5
7fa5f5b55000-7fa5f5f56000 rw-s 00000000 08:01 1190008                    /tmp/openmpi-sessions-m6mostaf@scspc101_0/60522/1/4/vader_segment.scspc101.4
7fa5f5f56000-7fa5f6357000 rw-s 00000000 08:01 1190004                    /tmp/openmpi-sessions-m6mostaf@scspc101_0/60522/1/3/vader_segment.scspc101.3
7fa5f6357000-7fa5f6758000 rw-s 00000000 08:01 2365478                    /tmp/openmpi-sessions-m6mostaf@scspc101_0/60522/1/1/vader_segment.scspc101.1
7fa5f6758000-7fa5f6b59000 rw-s 00000000 08:01 2365481                    /tmp/openmpi-sessions-m6mostaf@scspc101_0/60522/1/0/vader_segment.scspc101.0
7fa5f6b59000-7fa5f6b5e000 r-xp 00000000 08:01 791488                     /usr/local/lib/openmpi/mca_osc_sm.so
7fa5f6b5e000-7fa5f6d5d000 ---p 00005000 08:01 791488                     /usr/local/lib/openmpi/mca_osc_sm.so
7fa5f6d5d000-7fa5f6d5e000 r--p 00004000 08:01 791488                     /usr/local/lib/openmpi/mca_osc_sm.so
7fa5f6d5e000-7fa5f6d60000 rw-p 00005000 08:01 791488                     /usr/local/lib/openmpi/mca_osc_sm.so
7fa5f6d60000-7fa5f6d7d000 r-xp 00000000 08:01 791444                     /usr/local/lib/openmpi/mca_coll_tuned.so
7fa5f6d7d000-7fa5f6f7c000 ---p 0001d000 08:01 791444                     /usr/local/lib/openmpi/mca_coll_tuned.so
7fa5f6f7c000-7fa5f6f7d000 r--p 0001c000 08:01 791444                     /usr/local/lib/openmpi/mca_coll_tuned.so
7fa5f6f7d000-7fa5f6f7e000 rw-p 0001d000 08:01 791444                     /usr/local/lib/openmpi/mca_coll_tuned.so
7fa5f7185000-7fa5f7187000 r-xp 00000000 08:01 791448                     /usr/local/lib/openmpi/mca_coll_self.so
7fa5f7187000-7fa5f7386000 ---p 00002000 08:01 791448                     /usr/local/lib/openmpi/mca_coll_self.so
7fa5f7386000-7fa5f7387000 r--p 00001000 08:01 791448                     /usr/local/lib/openmpi/mca_coll_self.so
7fa5f7387000-7fa5f7388000 rw-p 00002000 08:01 791448                     /usr/local/lib/openmpi/mca_coll_self.so
7fa5f73a9000-7fa5f73ba000 r-xp 00000000 08:01 791490                     /usr/local/lib/openmpi/mca_osc_rdma.so
7fa5f73ba000-7fa5f75ba000 ---p 00011000 08:01 791490                     /usr/local/lib/openmpi/mca_osc_rdma.so
7fa5f75ba000-7fa5f75bb000 r--p 00011000 08:01 791490                     /usr/local/lib/openmpi/mca_osc_rdma.so
7fa5f75bb000-7fa5f75bc000 rw-p 00012000 08:01 791490                     /usr/local/lib/openmpi/mca_osc_rdma.so
7fa5f75bc000-7fa5f75d3000 r-xp 00000000 08:01 791446                     /usr/local/lib/openmpi/mca_coll_libnbc.so
7fa5f75d3000-7fa5f77d3000 ---p 00017000 08:01 791446                     /usr/local/lib/openmpi/mca_coll_libnbc.so
7fa5f77d3000-7fa5f77d4000 r--p 00017000 08:01 791446                     /usr/local/lib/openmpi/mca_coll_libnbc.so
7fa5f77d4000-7fa5f77d5000 rw-p 00018000 08:01 791446                     /usr/local/lib/openmpi/mca_coll_libnbc.so
7fa5f77d5000-7fa5f77d9000 r-xp 00000000 08:01 791455                     /usr/local/lib/openmpi/mca_coll_inter.so
7fa5f77d9000-7fa5f79d8000 ---p 00004000 08:01 791455                     /usr/local/lib/openmpi/mca_coll_inter.so
7fa5f79d8000-7fa5f79d9000 r--p 00003000 08:01 791455                     /usr/local/lib/openmpi/mca_coll_inter.so
7fa5f79d9000-7fa5f79da000 rw-p 00004000 08:01 791455                     /usr/local/lib/openmpi/mca_coll_inter.so
7fa5f79da000-7fa5f79e0000 r-xp 00000000 08:01 791457                     /usr/local/lib/openmpi/mca_coll_hierarch.so
7fa5f79e0000-7fa5f7bdf000 ---p 00006000 08:01 791457                     /usr/local/lib/openmpi/mca_coll_hierarch.so
7fa5f7bdf000-7fa5f7be0000 r--p 00005000 08:01 791457                     /usr/local/lib/openmpi/mca_coll_hierarch.so
7fa5f7be0000-7fa5f7be1000 rw-p 00006000 08:01 791457                     /usr/local/lib/openmpi/mca_coll_hierarch.so
7fa5f7de9000-7fa5f7dff000 r-xp 00000000 08:01 791498                     /usr/local/lib/openmpi/mca_pml_ob1.so
7fa5f7dff000-7fa5f7ffe000 ---p 00016000 08:01 791498                     /usr/local/lib/openmpi/mca_pml_ob1.so
7fa5f7ffe000-7fa5f7fff000 r--p 00015000 08:01 791498                     /usr/local/lib/openmpi/mca_pml_ob1.so
7fa5f7fff000-7fa5f8000000 rw-p 00016000 08:01 791498                     /usr/local/lib/openmpi/mca_pml_ob1.so
7fa5f8000000-7fa5f8021000 rw-p 00000000 00:00 0 
7fa5f8021000-7fa5fc000000 ---p 00000000 00:00 0 
7fa5fc000000-7fa5fc021000 rw-p 00000000 00:00 0 
7fa5fc021000-7fa600000000 ---p 00000000 00:00 0 
7fa600000000-7fa600021000 rw-p 00000000 00:00 0 
7fa600021000-7fa604000000 ---p 00000000 00:00 0 
7fa604000000-7fa604097000 rw-p 00000000 00:00 0 
7fa604097000-7fa608000000 ---p 00000000 00:00 0 
7fa608000000-7fa608021000 rw-p 00000000 00:00 0 
7fa608021000-7fa60c000000 ---p 00000000 00:00 0 
7fa60c000000-7fa60c056000 rw-p 00000000 00:00 0 
7fa60c056000-7fa610000000 ---p 00000000 00:00 0 
7fa610000000-7fa610021000 rw-p 00000000 00:00 0 
7fa610021000-7fa614000000 ---p 00000000 00:00 0 
7fa614000000-7fa614021000 rw-p 00000000 00:00 0 
7fa614021000-7fa618000000 ---p 00000000 00:00 0 
7fa618000000-7fa618021000 rw-p 00000000 00:00 0 
7fa618021000-7fa61c000000 ---p 00000000 00:00 0 
7fa61c000000-7fa61c021000 rw-p 00000000 00:00 0 
7fa61c021000-7fa620000000 ---p 00000000 00:00 0 
7fa620000000-7fa620021000 rw-p 00000000 00:00 0 
7fa620021000-7fa624000000 ---p 00000000 00:00 0 
7fa6240a6000-7fa6240b3000 r-xp 00000000 08:01 791453                     /usr/local/lib/openmpi/mca_coll_basic.so
7fa6240b3000-7fa6242b2000 ---p 0000d000 08:01 791453                     /usr/local/lib/openmpi/mca_coll_basic.so
7fa6242b2000-7fa6242b3000 r--p 0000c000 08:01 791453                     /usr/local/lib/openmpi/mca_coll_basic.so
7fa6242b3000-7fa6242b4000 rw-p 0000d000 08:01 791453                     /usr/local/lib/openmpi/mca_coll_basic.so
7fa6242ca000-7fa6242d0000 r-xp 00000000 08:01 791464                     /usr/local/lib/openmpi/mca_dpm_orte.so
7fa6242d0000-7fa6244cf000 ---p 00006000 08:01 791464                     /usr/local/lib/openmpi/mca_dpm_orte.so
7fa6244cf000-7fa6244d0000 r--p 00005000 08:01 791464                     /usr/local/lib/openmpi/mca_dpm_orte.so
7fa6244d0000-7fa6244d1000 rw-p 00006000 08:01 791464                     /usr/local/lib/openmpi/mca_dpm_orte.so
7fa6244d1000-7fa6244d7000 r-xp 00000000 08:01 791442                     /usr/local/lib/openmpi/mca_btl_vader.so
7fa6244d7000-7fa6246d6000 ---p 00006000 08:01 791442                     /usr/local/lib/openmpi/mca_btl_vader.so
7fa6246d6000-7fa6246d7000 r--p 00005000 08:01 791442                     /usr/local/lib/openmpi/mca_btl_vader.so
7fa6246d7000-7fa6246d9000 rw-p 00006000 08:01 791442                     /usr/local/lib/openmpi/mca_btl_vader.so
7fa6246d9000-7fa6246e5000 r-xp 00000000 08:01 791433                     /usr/local/lib/openmpi/mca_btl_tcp.so
7fa6246e5000-7fa6248e4000 ---p 0000c000 08:01 791433                     /usr/local/lib/openmpi/mca_btl_tcp.so
7fa6248e4000-7fa6248e5000 r--p 0000b000 08:01 791433                     /usr/local/lib/openmpi/mca_btl_tcp.so
7fa6248e5000-7fa6248e6000 rw-p 0000c000 08:01 791433                     /usr/local/lib/openmpi/mca_btl_tcp.so
7fa6248e6000-7fa624966000 rw-p 00000000 00:00 0 
7fa624966000-7fa62496c000 r-xp 00000000 08:01 791430                     /usr/local/lib/openmpi/mca_btl_sm.so
7fa62496c000-7fa624b6b000 ---p 00006000 08:01 791430                     /usr/local/lib/openmpi/mca_btl_sm.so
7fa624b6b000-7fa624b6c000 r--p 00005000 08:01 791430                     /usr/local/lib/openmpi/mca_btl_sm.so
7fa624b6c000-7fa624b6d000 rw-p 00006000 08:01 791430                     /usr/local/lib/openmpi/mca_btl_sm.so
7fa624b6d000-7fa624b70000 r-xp 00000000 08:01 791427                     /usr/local/lib/openmpi/mca_btl_self.so
7fa624b70000-7fa624d6f000 ---p 00003000 08:01 791427                     /usr/local/lib/openmpi/mca_btl_self.so
7fa624d6f000-7fa624d70000 r--p 00002000 08:01 791427                     /usr/local/lib/openmpi/mca_btl_self.so
7fa624d70000-7fa624d71000 rw-p 00003000 08:01 791427                     /usr/local/lib/openmpi/mca_btl_self.so
7fa624daa000-7fa624dad000 r-xp 00000000 08:01 791501                     /usr/local/lib/openmpi/mca_pubsub_orte.so
7fa624dad000-7fa624fac000 ---p 00003000 08:01 791501                     /usr/local/lib/openmpi/mca_pubsub_orte.so
7fa624fac000-7fa624fad000 r--p 00002000 08:01 791501                     /usr/local/lib/openmpi/mca_pubsub_orte.so
7fa624fad000-7fa624fae000 rw-p 00003000 08:01 791501                     /usr/local/lib/openmpi/mca_pubsub_orte.so
7fa624fae000-7fa6253af000 rw-s 00000000 08:01 2365911                    /tmp/openmpi-sessions-m6mostaf@scspc101_0/60522/1/2/vader_segment.scspc101.2
7fa6253af000-7fa6253b2000 r-xp 00000000 08:01 791425                     /usr/local/lib/openmpi/mca_bml_r2.so
7fa6253b2000-7fa6255b1000 ---p 00003000 08:01 791425                     /usr/local/lib/openmpi/mca_bml_r2.so
7fa6255b1000-7fa6255b2000 r--p 00002000 08:01 791425                     /usr/local/lib/openmpi/mca_bml_r2.so
7fa6255b2000-7fa6255b3000 rw-p 00003000 08:01 791425                     /usr/local/lib/openmpi/mca_bml_r2.so
7fa6255b3000-7fa6255b5000 r-xp 00000000 08:01 44588                      /usr/local/lib/libmca_common_sm.so.4.0.4
7fa6255b5000-7fa6257b5000 ---p 00002000 08:01 44588                      /usr/local/lib/libmca_common_sm.so.4.0.4
7fa6257b5000-7fa6257b6000 r--p 00002000 08:01 44588                      /usr/local/lib/libmca_common_sm.so.4.0.4
7fa6257b6000-7fa6257b7000 rw-p 00003000 08:01 44588                      /usr/local/lib/libmca_common_sm.so.4.0.4
7fa6257b7000-7fa6257b9000 r-xp 00000000 08:01 791486                     /usr/local/lib/openmpi/mca_mpool_sm.so
7fa6257b9000-7fa6259b8000 ---p 00002000 08:01 791486                     /usr/local/lib/openmpi/mca_mpool_sm.so
7fa6259b8000-7fa6259b9000 r--p 00001000 08:01 791486                     /usr/local/lib/openmpi/mca_mpool_sm.so
7fa6259b9000-7fa6259ba000 rw-p 00002000 08:01 791486                     /usr/local/lib/openmpi/mca_mpool_sm.so
7fa6259ba000-7fa6259bd000 r-xp 00000000 08:01 791484                     /usr/local/lib/openmpi/mca_mpool_grdma.so
7fa6259bd000-7fa625bbc000 ---p 00003000 08:01 791484                     /usr/local/lib/openmpi/mca_mpool_grdma.so
7fa625bbc000-7fa625bbd000 r--p 00002000 08:01 791484                     /usr/local/lib/openmpi/mca_mpool_grdma.so
7fa625bbd000-7fa625bbe000 rw-p 00003000 08:01 791484                     /usr/local/lib/openmpi/mca_mpool_grdma.so
7fa625bbe000-7fa625bc2000 r-xp 00000000 08:01 791503                     /usr/local/lib/openmpi/mca_rcache_vma.so
7fa625bc2000-7fa625dc1000 ---p 00004000 08:01 791503                     /usr/local/lib/openmpi/mca_rcache_vma.so
7fa625dc1000-7fa625dc2000 r--p 00003000 08:01 791503                     /usr/local/lib/openmpi/mca_rcache_vma.so
7fa625dc2000-7fa625dc3000 rw-p 00004000 08:01 791503                     /usr/local/lib/openmpi/mca_rcache_vma.so
7fa625dc3000-7fa625dc5000 r-xp 00000000 08:01 791416                     /usr/local/lib/openmpi/mca_allocator_bucket.so
7fa625dc5000-7fa625fc4000 ---p 00002000 08:01 791416                     /usr/local/lib/openmpi/mca_allocator_bucket.so
7fa625fc4000-7fa625fc5000 r--p 00001000 08:01 791416                     /usr/local/lib/openmpi/mca_allocator_bucket.so
7fa625fc5000-7fa625fc6000 rw-p 00002000 08:01 791416                     /usr/local/lib/openmpi/mca_allocator_bucket.so
7fa625fc6000-7fa625fc8000 r-xp 00000000 08:01 791418                     /usr/local/lib/openmpi/mca_allocator_basic.so
7fa625fc8000-7fa6261c7000 ---p 00002000 08:01 791418                     /usr/local/lib/openmpi/mca_allocator_basic.so
7fa6261c7000-7fa6261c8000 r--p 00001000 08:01 791418                     /usr/local/lib/openmpi/mca_allocator_basic.so
7fa6261c8000-7fa6261c9000 rw-p 00002000 08:01 791418                     /usr/local/lib/openmpi/mca_allocator_basic.so
7fa6261c9000-7fa6261ca000 ---p 00000000 00:00 0 
7fa6261ca000-7fa6269ca000 rw-p 00000000 00:00 0 
7fa6269ca000-7fa6269cc000 r-xp 00000000 08:01 786890                     /usr/local/lib/openmpi/mca_grpcomm_bad.so
7fa6269cc000-7fa626bcb000 ---p 00002000 08:01 786890                     /usr/local/lib/openmpi/mca_grpcomm_bad.so
7fa626bcb000-7fa626bcc000 r--p 00001000 08:01 786890                     /usr/local/lib/openmpi/mca_grpcomm_bad.so
7fa626bcc000-7fa626bcd000 rw-p 00002000 08:01 786890                     /usr/local/lib/openmpi/mca_grpcomm_bad.so
7fa626bcd000-7fa626bd0000 r-xp 00000000 08:01 789028                     /usr/local/lib/openmpi/mca_rml_oob.so
7fa626bd0000-7fa626dcf000 ---p 00003000 08:01 789028                     /usr/local/lib/openmpi/mca_rml_oob.so
7fa626dcf000-7fa626dd0000 r--p 00002000 08:01 789028                     /usr/local/lib/openmpi/mca_rml_oob.so
7fa626dd0000-7fa626dd1000 rw-p 00003000 08:01 789028                     /usr/local/lib/openmpi/mca_rml_oob.so
7fa626dd1000-7fa626de3000 r-xp 00000000 08:01 788537                     /usr/local/lib/openmpi/mca_oob_tcp.so
7fa626de3000-7fa626fe3000 ---p 00012000 08:01 788537                     /usr/local/lib/openmpi/mca_oob_tcp.so
7fa626fe3000-7fa626fe4000 r--p 00012000 08:01 788537                     /usr/local/lib/openmpi/mca_oob_tcp.so
7fa626fe4000-7fa626fe5000 rw-p 00013000 08:01 788537                     /usr/local/lib/openmpi/mca_oob_tcp.so
7fa626fe5000-7fa626fe7000 r-xp 00000000 08:01 786825                     /usr/local/lib/openmpi/mca_db_print.so
7fa626fe7000-7fa6271e6000 ---p 00002000 08:01 786825                     /usr/local/lib/openmpi/mca_db_print.so
7fa6271e6000-7fa6271e7000 r--p 00001000 08:01 786825                     /usr/local/lib/openmpi/mca_db_print.so
7fa6271e7000-7fa6271e8000 rw-p 00002000 08:01 786825                     /usr/local/lib/openmpi/mca_db_print.so
7fa6271e8000-7fa6271eb000 r-xp 00000000 08:01 786827                     /usr/local/lib/openmpi/mca_db_hash.so
7fa6271eb000-7fa6273ea000 ---p 00003000 08:01 786827                     /usr/local/lib/openmpi/mca_db_hash.so
7fa6273ea000-7fa6273eb000 r--p 00002000 08:01 786827                     /usr/local/lib/openmpi/mca_db_hash.so
7fa6273eb000-7fa6273ec000 rw-p 00003000 08:01 786827                     /usr/local/lib/openmpi/mca_db_hash.so
7fa6273ec000-7fa6273ef000 r-xp 00000000 08:01 789629                     /usr/local/lib/openmpi/mca_routed_binomial.so
7fa6273ef000-7fa6275ef000 ---p 00003000 08:01 789629                     /usr/local/lib/openmpi/mca_routed_binomial.so
7fa6275ef000-7fa6275f0000 r--p 00003000 08:01 789629                     /usr/local/lib/openmpi/mca_routed_binomial.so
7fa6275f0000-7fa6275f1000 rw-p 00004000 08:01 789629                     /usr/local/lib/openmpi/mca_routed_binomial.so
7fa6275f1000-7fa6275f3000 r-xp 00000000 08:01 786875                     /usr/local/lib/openmpi/mca_errmgr_default_app.so
7fa6275f3000-7fa6277f2000 ---p 00002000 08:01 786875                     /usr/local/lib/openmpi/mca_errmgr_default_app.so
7fa6277f2000-7fa6277f3000 r--p 00001000 08:01 786875                     /usr/local/lib/openmpi/mca_errmgr_default_app.so
7fa6277f3000-7fa6277f4000 rw-p 00002000 08:01 786875                     /usr/local/lib/openmpi/mca_errmgr_default_app.so
7fa6277f4000-7fa6277f6000 r-xp 00000000 08:01 789631                     /usr/local/lib/openmpi/mca_state_app.so
7fa6277f6000-7fa6279f5000 ---p 00002000 08:01 789631                     /usr/local/lib/openmpi/mca_state_app.so
7fa6279f5000-7fa6279f6000 r--p 00001000 08:01 789631                     /usr/local/lib/openmpi/mca_state_app.so
7fa6279f6000-7fa6279f7000 rw-p 00002000 08:01 789631                     /usr/local/lib/openmpi/mca_state_app.so
7fa6279f7000-7fa6279f9000 r-xp 00000000 08:01 786883                     /usr/local/lib/openmpi/mca_ess_env.so
7fa6279f9000-7fa627bf8000 ---p 00002000 08:01 786883                     /usr/local/lib/openmpi/mca_ess_env.so
7fa627bf8000-7fa627bf9000 r--p 00001000 08:01 786883                     /usr/local/lib/openmpi/mca_ess_env.so
7fa627bf9000-7fa627bfa000 rw-p 00002000 08:01 786883                     /usr/local/lib/openmpi/mca_ess_env.so
7fa627bfa000-7fa627bfb000 r-xp 00000000 08:01 786831                     /usr/local/lib/openmpi/mca_sec_basic.so
7fa627bfb000-7fa627dfa000 ---p 00001000 08:01 786831                     /usr/local/lib/openmpi/mca_sec_basic.so
7fa627dfa000-7fa627dfb000 r--p 00000000 08:01 786831                     /usr/local/lib/openmpi/mca_sec_basic.so
7fa627dfb000-7fa627dfc000 rw-p 00001000 08:01 786831                     /usr/local/lib/openmpi/mca_sec_basic.so
7fa627dfc000-7fa627dff000 r-xp 00000000 08:01 786834                     /usr/local/lib/openmpi/mca_shmem_mmap.so
7fa627dff000-7fa627ffe000 ---p 00003000 08:01 786834                     /usr/local/lib/openmpi/mca_shmem_mmap.so
7fa627ffe000-7fa627fff000 r--p 00002000 08:01 786834                     /usr/local/lib/openmpi/mca_shmem_mmap.so
7fa627fff000-7fa628000000 rw-p 00003000 08:01 786834                     /usr/local/lib/openmpi/mca_shmem_mmap.so
7fa628000000-7fa628021000 rw-p 00000000 00:00 0 
7fa628021000-7fa62c000000 ---p 00000000 00:00 0 
7fa62c1ed000-7fa62c1ef000 r-xp 00000000 08:01 56370                      /lib/x86_64-linux-gnu/libutil-2.15.so
7fa62c1ef000-7fa62c3ee000 ---p 00002000 08:01 56370                      /lib/x86_64-linux-gnu/libutil-2.15.so
7fa62c3ee000-7fa62c3ef000 r--p 00001000 08:01 56370                      /lib/x86_64-linux-gnu/libutil-2.15.so
7fa62c3ef000-7fa62c3f0000 rw-p 00002000 08:01 56370                      /lib/x86_64-linux-gnu/libutil-2.15.so
7fa62c3f0000-7fa630000000 rw-p 00000000 00:00 0 
7fa630000000-7fa630021000 rw-p 00000000 00:00 0 
7fa630021000-7fa634000000 ---p 00000000 00:00 0 
7fa634162000-7fa6341d8000 r-xp 00000000 08:01 18092                      /usr/local/lib/libopen-rte.so.7.0.5
7fa6341d8000-7fa6343d8000 ---p 00076000 08:01 18092                      /usr/local/lib/libopen-rte.so.7.0.5
7fa6343d8000-7fa6343d9000 r--p 00076000 08:01 18092                      /usr/local/lib/libopen-rte.so.7.0.5
7fa6343d9000-7fa6343dc000 rw-p 00077000 08:01 18092                      /usr/local/lib/libopen-rte.so.7.0.5
7fa6343dc000-7fa6343de000 rw-p 00000000 00:00 0 
7fa6343de000-7fa6344a3000 r-xp 00000000 08:01 4685                       /usr/local/lib/libopen-pal.so.6.2.1
7fa6344a3000-7fa6346a3000 ---p 000c5000 08:01 4685                       /usr/local/lib/libopen-pal.so.6.2.1
7fa6346a3000-7fa6346a7000 r--p 000c5000 08:01 4685                       /usr/local/lib/libopen-pal.so.6.2.1
7fa6346a7000-7fa6346ac000 rw-p 000c9000 08:01 4685                       /usr/local/lib/libopen-pal.so.6.2.1
7fa6346ac000-7fa6346b2000 rw-p 00000000 00:00 0 
7fa6346b2000-7fa634768000 r-xp 00000000 08:01 44540                      /usr/local/lib/libmpi.so.1.6.0
7fa634768000-7fa634967000 ---p 000b6000 08:01 44540                      /usr/local/lib/libmpi.so.1.6.0
7fa634967000-7fa634969000 r--p 000b5000 08:01 44540                      /usr/local/lib/libmpi.so.1.6.0
7fa634969000-7fa634979000 rw-p 000b7000 08:01 44540                      /usr/local/lib/libmpi.so.1.6.0
7fa634979000-7fa63498c000 rw-p 00000000 00:00 0 
7fa63498c000-7fa6349ad000 r-xp 00000000 08:01 60149                      /usr/local/lib/libmpi_java.so.1.2.0
7fa6349ad000-7fa634bac000 ---p 00021000 08:01 60149                      /usr/local/lib/libmpi_java.so.1.2.0
7fa634bac000-7fa634bad000 r--p 00020000 08:01 60149                      /usr/local/lib/libmpi_java.so.1.2.0
7fa634bad000-7fa634bae000 rw-p 00021000 08:01 60149                      /usr/local/lib/libmpi_java.so.1.2.0
7fa634bae000-7fa634baf000 ---p 00000000 00:00 0 
7fa634baf000-7fa634caf000 rw-p 00000000 00:00 0 
7fa634caf000-7fa634cb2000 ---p 00000000 00:00 0 
7fa634cb2000-7fa634db0000 rw-p 00000000 00:00 0 
7fa634db0000-7fa634db3000 ---p 00000000 00:00 0 
7fa634db3000-7fa634eb1000 rw-p 00000000 00:00 0 
7fa634eb1000-7fa634eb4000 ---p 00000000 00:00 0 
7fa634eb4000-7fa634fb2000 rw-p 00000000 00:00 0 
7fa634fb2000-7fa634fb5000 ---p 00000000 00:00 0 
7fa634fb5000-7fa6350b3000 rw-p 00000000 00:00 0 
7fa6350b3000-7fa6350b6000 ---p 00000000 00:00 0 
7fa6350b6000-7fa6351b4000 rw-p 00000000 00:00 0 
7fa6351b4000-7fa6358a9000 r--p 00000000 08:01 17182                      /usr/lib/locale/locale-archive
7fa6358a9000-7fa6358ac000 ---p 00000000 00:00 0 
7fa6358ac000-7fa6359aa000 rw-p 00000000 00:00 0 
7fa6359aa000-7fa6359ad000 ---p 00000000 00:00 0 
7fa6359ad000-7fa635aab000 rw-p 00000000 00:00 0 
7fa635aab000-7fa635aac000 ---p 00000000 00:00 0 
7fa635aac000-7fa636b8e000 rw-p 00000000 00:00 0 
7fa636b8e000-7fa636d64000 r--s 03cae000 08:01 17436828                   /usr/lib/jvm/java-8-oracle/jre/lib/rt.jar
7fa636d64000-7fa63725a000 rw-p 00000000 00:00 0 
7fa63725a000-7fa6375da000 ---p 00000000 00:00 0 
7fa6375da000-7fa63799b000 rw-p 00000000 00:00 0 
7fa63799b000-7fa63799c000 ---p 00000000 00:00 0 
7fa63799c000-7fa637a9c000 rw-p 00000000 00:00 0 
7fa637a9c000-7fa637a9d000 ---p 00000000 00:00 0 
7fa637a9d000-7fa637b9d000 rw-p 00000000 00:00 0 
7fa637b9d000-7fa637b9e000 ---p 00000000 00:00 0 
7fa637b9e000-7fa637c9e000 rw-p 00000000 00:00 0 
7fa637c9e000-7fa637c9f000 ---p 00000000 00:00 0 
7fa637c9f000-7fa637dc8000 rw-p 00000000 00:00 0 
7fa637dc8000-7fa638020000 ---p 00000000 00:00 0 
7fa638020000-7fa638049000 rw-p 00000000 00:00 0 
7fa638049000-7fa6382a0000 ---p 00000000 00:00 0 
7fa6382a0000-7fa6382b5000 rw-p 00000000 00:00 0 
7fa6382b5000-7fa6383e1000 ---p 00000000 00:00 0 
7fa6383e1000-7fa6383ec000 rw-p 00000000 00:00 0 
7fa6383ec000-7fa6387a2000 ---p 00000000 00:00 0 
7fa6387a2000-7fa638a12000 rwxp 00000000 00:00 0 
7fa638a12000-7fa6477a2000 ---p 00000000 00:00 0 
7fa6477a2000-7fa6477bc000 r-xp 00000000 08:01 17436914                   /usr/lib/jvm/java-8-oracle/jre/lib/amd64/libzip.so
7fa6477bc000-7fa6479bc000 ---p 0001a000 08:01 17436914                   /usr/lib/jvm/java-8-oracle/jre/lib/amd64/libzip.so
7fa6479bc000-7fa6479bd000 rw-p 0001a000 08:01 17436914                   /usr/lib/jvm/java-8-oracle/jre/lib/amd64/libzip.so
7fa6479bd000-7fa6479e7000 r-xp 00000000 08:01 17436933                   /usr/lib/jvm/java-8-oracle/jre/lib/amd64/libjava.so
7fa6479e7000-7fa647be7000 ---p 0002a000 08:01 17436933                   /usr/lib/jvm/java-8-oracle/jre/lib/amd64/libjava.so
7fa647be7000-7fa647be9000 rw-p 0002a000 08:01 17436933                   /usr/lib/jvm/java-8-oracle/jre/lib/amd64/libjava.so
7fa647be9000-7fa647bf6000 r-xp 00000000 08:01 17436918                   /usr/lib/jvm/java-8-oracle/jre/lib/amd64/libverify.so
7fa647bf6000-7fa647df6000 ---p 0000d000 08:01 17436918                   /usr/lib/jvm/java-8-oracle/jre/lib/amd64/libverify.so
7fa647df6000-7fa647df8000 rw-p 0000d000 08:01 17436918                   /usr/lib/jvm/java-8-oracle/jre/lib/amd64/libverify.so
7fa647df8000-7fa647dff000 r-xp 00000000 08:01 56376                      /lib/x86_64-linux-gnu/librt-2.15.so
7fa647dff000-7fa647ffe000 ---p 00007000 08:01 56376                      /lib/x86_64-linux-gnu/librt-2.15.so
7fa647ffe000-7fa647fff000 r--p 00006000 08:01 56376                      /lib/x86_64-linux-gnu/librt-2.15.so
7fa647fff000-7fa648000000 rw-p 00007000 08:01 56376                      /lib/x86_64-linux-gnu/librt-2.15.so
7fa648000000-7fa6483d1000 rw-p 00000000 00:00 0 
7fa6483d1000-7fa64c000000 ---p 00000000 00:00 0 
7fa64c044000-7fa64c09f000 rw-p 00000000 00:00 0 
7fa64c09f000-7fa64c19a000 r-xp 00000000 08:01 56380                      /lib/x86_64-linux-gnu/libm-2.15.so
7fa64c19a000-7fa64c399000 ---p 000fb000 08:01 56380                      /lib/x86_64-linux-gnu/libm-2.15.so
7fa64c399000-7fa64c39a000 r--p 000fa000 08:01 56380                      /lib/x86_64-linux-gnu/libm-2.15.so
7fa64c39a000-7fa64c39b000 rw-p 000fb000 08:01 56380                      /lib/x86_64-linux-gnu/libm-2.15.so
7fa64c39b000-7fa64d009000 r-xp 00000000 08:01 17436899                   /usr/lib/jvm/java-8-oracle/jre/lib/amd64/server/libjvm.so
7fa64d009000-7fa64d208000 ---p 00c6e000 08:01 17436899                   /usr/lib/jvm/java-8-oracle/jre/lib/amd64/server/libjvm.so
7fa64d208000-7fa64d2de000 rw-p 00c6d000 08:01 17436899                   /usr/lib/jvm/java-8-oracle/jre/lib/amd64/server/libjvm.so
7fa64d2de000-7fa64d321000 rw-p 00000000 00:00 0 
7fa64d321000-7fa64d4d6000 r-xp 00000000 08:01 56388                      /lib/x86_64-linux-gnu/libc-2.15.so
7fa64d4d6000-7fa64d6d5000 ---p 001b5000 08:01 56388                      /lib/x86_64-linux-gnu/libc-2.15.so
7fa64d6d5000-7fa64d6d9000 r--p 001b4000 08:01 56388                      /lib/x86_64-linux-gnu/libc-2.15.so
7fa64d6d9000-7fa64d6db000 rw-p 001b8000 08:01 56388                      /lib/x86_64-linux-gnu/libc-2.15.so
7fa64d6db000-7fa64d6e0000 rw-p 00000000 00:00 0 
7fa64d6e0000-7fa64d6e2000 r-xp 00000000 08:01 56386                      /lib/x86_64-linux-gnu/libdl-2.15.so
7fa64d6e2000-7fa64d8e2000 ---p 00002000 08:01 56386                      /lib/x86_64-linux-gnu/libdl-2.15.so
7fa64d8e2000-7fa64d8e3000 r--p 00002000 08:01 56386                      /lib/x86_64-linux-gnu/libdl-2.15.so
7fa64d8e3000-7fa64d8e4000 rw-p 00003000 08:01 56386                      /lib/x86_64-linux-gnu/libdl-2.15.so
7fa64d8e4000-7fa64d8f9000 r-xp 00000000 08:01 17436901                   /usr/lib/jvm/java-8-oracle/jre/lib/amd64/jli/libjli.so
7fa64d8f9000-7fa64daf8000 ---p 00015000 08:01 17436901                   /usr/lib/jvm/java-8-oracle/jre/lib/amd64/jli/libjli.so
7fa64daf8000-7fa64daf9000 rw-p 00014000 08:01 17436901                   /usr/lib/jvm/java-8-oracle/jre/lib/amd64/jli/libjli.so
7fa64daf9000-7fa64db11000 r-xp 00000000 08:01 56374                      /lib/x86_64-linux-gnu/libpthread-2.15.so
7fa64db11000-7fa64dd10000 ---p 00018000 08:01 56374                      /lib/x86_64-linux-gnu/libpthread-2.15.so
7fa64dd10000-7fa64dd11000 r--p 00017000 08:01 56374                      /lib/x86_64-linux-gnu/libpthread-2.15.so
7fa64dd11000-7fa64dd12000 rw-p 00018000 08:01 56374                      /lib/x86_64-linux-gnu/libpthread-2.15.so
7fa64dd12000-7fa64dd16000 rw-p 00000000 00:00 0 
7fa64dd16000-7fa64dd38000 r-xp 00000000 08:01 56375                      /lib/x86_64-linux-gnu/ld-2.15.so
7fa64dd5b000-7fa64dd62000 r--s 00000000 08:01 56337                      /usr/lib/x86_64-linux-gnu/gconv/gconv-modules.cache
7fa64dd62000-7fa64dd64000 r--s 0000d000 08:01 60148                      /usr/local/lib/mpi.jar
7fa64dd64000-7fa64dd68000 r--s 0002a000 08:01 16914575                   /home/m6mostaf/code-java/mpi-code/ADM-Java/libs/commons-io-2.4.jar
7fa64dd68000-7fa64ddd7000 rw-p 00000000 00:00 0 
7fa64ddd7000-7fa64de0c000 r--s 00000000 08:01 427238                     /var/cache/nscd/passwd
7fa64de0c000-7fa64de0f000 ---p 00000000 00:00 0 
7fa64de0f000-7fa64df11000 rw-p 00000000 00:00 0 
7fa64df12000-7fa64df13000 rw-p 00000000 00:00 0 
7fa64df13000-7fa64df14000 rw-s 00000000 08:01 1190012                    /tmp/openmpi-sessions-m6mostaf@scspc101_0/60522/1/shared_mem_btl_module.scspc101 (deleted)
7fa64df14000-7fa64df19000 r--s 0002f000 08:01 2228467                    /home/m6mostaf/code-java/mpi-code/ADM-Java/libs/gson-2.3.1.jar
7fa64df19000-7fa64df2c000 r--s 00131000 08:01 2228777                    /home/m6mostaf/code-java/mpi-code/ADM-Java/libs/lombok.jar
7fa64df2c000-7fa64df34000 rw-s 00000000 08:01 795207                     /tmp/hsperfdata_m6mostaf/31840
7fa64df34000-7fa64df35000 rw-p 00000000 00:00 0 
7fa64df35000-7fa64df36000 r--p 00000000 00:00 0 
7fa64df36000-7fa64df38000 rw-p 00000000 00:00 0 
7fa64df38000-7fa64df39000 r--p 00022000 08:01 56375                      /lib/x86_64-linux-gnu/ld-2.15.so
7fa64df39000-7fa64df3b000 rw-p 00023000 08:01 56375                      /lib/x86_64-linux-gnu/ld-2.15.so
7fff660ec000-7fff6610e000 rw-p 00000000 00:00 0                          [stack]
7fff661ff000-7fff66200000 r-xp 00000000 00:00 0                          [vdso]
ffffffffff600000-ffffffffff601000 r-xp 00000000 00:00 0                  [vsyscall]

VM Arguments:
jvm_args: -Djava.library.path=/usr/local/lib 
java_command: ca.mcmaster.capstone.program.Node
java_class_path (initial): /home/m6mostaf/code-java/mpi-code/ADM-Java/target/classes:/ca/mcmaster/capstone/program/*:/ca/mcmaster/capstone/monitoralgorithm/*:/ca/mcmaster/capstone/util/*:/ca/mcmaster/capstone/initializer/*:/ca/mcmaster/capstone/logger/*:../../libs/lombok.jar:../../libs/gson-2.3.1.jar:../../libs/commons-io-2.4.jar:/usr/local/lib/mpi.jar
Launcher Type: SUN_STANDARD

Environment Variables:
PATH=/usr/lib/lightdm/lightdm:/usr/local/sbin:/usr/local/bin:/usr/sbin:/usr/bin:/sbin:/bin:/usr/games
SHELL=/bin/bash
DISPLAY=:0

Signal Handlers:
SIGSEGV: [libjvm.so+0xa7a650], sa_mask[0]=11111111011111111101111111111110, sa_flags=SA_RESTART|SA_SIGINFO
SIGBUS: [libjvm.so+0xa7a650], sa_mask[0]=11111111011111111101111111111110, sa_flags=SA_RESTART|SA_SIGINFO
SIGFPE: [libjvm.so+0x8e28f0], sa_mask[0]=11111111011111111101111111111110, sa_flags=SA_RESTART|SA_SIGINFO
SIGPIPE: [libjvm.so+0x8e28f0], sa_mask[0]=11111111011111111101111111111110, sa_flags=SA_RESTART|SA_SIGINFO
SIGXFSZ: [libjvm.so+0x8e28f0], sa_mask[0]=11111111011111111101111111111110, sa_flags=SA_RESTART|SA_SIGINFO
SIGILL: [libjvm.so+0x8e28f0], sa_mask[0]=11111111011111111101111111111110, sa_flags=SA_RESTART|SA_SIGINFO
SIGUSR1: SIG_DFL, sa_mask[0]=00000000000000000000000000000000, sa_flags=none
SIGUSR2: [libjvm.so+0x8e4120], sa_mask[0]=00000000000000000000000000000000, sa_flags=SA_RESTART|SA_SIGINFO
SIGHUP: [libjvm.so+0x8e54e0], sa_mask[0]=11111111011111111101111111111110, sa_flags=SA_RESTART|SA_SIGINFO
SIGINT: [libjvm.so+0x8e54e0], sa_mask[0]=11111111011111111101111111111110, sa_flags=SA_RESTART|SA_SIGINFO
SIGTERM: [libjvm.so+0x8e54e0], sa_mask[0]=11111111011111111101111111111110, sa_flags=SA_RESTART|SA_SIGINFO
SIGQUIT: [libjvm.so+0x8e54e0], sa_mask[0]=11111111011111111101111111111110, sa_flags=SA_RESTART|SA_SIGINFO


---------------  S Y S T E M  ---------------

OS:DISTRIB_ID=Ubuntu
DISTRIB_RELEASE=12.04
DISTRIB_CODENAME=precise
DISTRIB_DESCRIPTION="Ubuntu 12.04.5 LTS"

uname:Linux 3.2.0-76-generic #111-Ubuntu SMP Tue Jan 13 22:16:09 UTC 2015 x86_64
libc:glibc 2.15 NPTL 2.15 
rlimit: STACK 8192k, CORE 0k, NPROC 61358, NOFILE 4096, AS infinity
load average:1.51 0.82 0.69

/proc/meminfo:
MemTotal:        7871988 kB
MemFree:          169372 kB
Buffers:          255892 kB
Cached:          2801028 kB
SwapCached:            0 kB
Active:          5518716 kB
Inactive:        1661140 kB
Active(anon):    4401152 kB
Inactive(anon):   534988 kB
Active(file):    1117564 kB
Inactive(file):  1126152 kB
Unevictable:         136 kB
Mlocked:             136 kB
SwapTotal:             0 kB
SwapFree:              0 kB
Dirty:              5088 kB
Writeback:             0 kB
AnonPages:       4123788 kB
Mapped:           230028 kB
Shmem:            812888 kB
Slab:             320120 kB
SReclaimable:     253220 kB
SUnreclaim:        66900 kB
KernelStack:        7936 kB
PageTables:        70680 kB
NFS_Unstable:          0 kB
Bounce:                0 kB
WritebackTmp:          0 kB
CommitLimit:     3935992 kB
Committed_AS:   13383992 kB
VmallocTotal:   34359738367 kB
VmallocUsed:      368952 kB
VmallocChunk:   34359302272 kB
HardwareCorrupted:     0 kB
AnonHugePages:         0 kB
HugePages_Total:       0
HugePages_Free:        0
HugePages_Rsvd:        0
HugePages_Surp:        0
Hugepagesize:       2048 kB
DirectMap4k:       68804 kB
DirectMap2M:     8011776 kB


CPU:total 4 (2 cores per cpu, 2 threads per core) family 6 model 58 stepping 9, cmov, cx8, fxsr, mmx, sse, sse2, sse3, ssse3, sse4.1, sse4.2, popcnt, avx, aes, clmul, erms, ht, tsc, tscinvbit, tscinv

/proc/cpuinfo:
processor	: 0
vendor_id	: GenuineIntel
cpu family	: 6
model		: 58
model name	: Intel(R) Core(TM) i5-3320M CPU @ 2.60GHz
stepping	: 9
microcode	: 0x17
cpu MHz		: 1200.000
cache size	: 3072 KB
physical id	: 0
siblings	: 4
core id		: 0
cpu cores	: 2
apicid		: 0
initial apicid	: 0
fpu		: yes
fpu_exception	: yes
cpuid level	: 13
wp		: yes
flags		: fpu vme de pse tsc msr pae mce cx8 apic sep mtrr pge mca cmov pat pse36 clflush dts acpi mmx fxsr sse sse2 ss ht tm pbe syscall nx rdtscp lm constant_tsc arch_perfmon pebs bts rep_good nopl xtopology nonstop_tsc aperfmperf pni pclmulqdq dtes64 monitor ds_cpl vmx smx est tm2 ssse3 cx16 xtpr pdcm pcid sse4_1 sse4_2 x2apic popcnt tsc_deadline_timer aes xsave avx f16c rdrand lahf_lm ida arat epb xsaveopt pln pts dtherm tpr_shadow vnmi flexpriority ept vpid fsgsbase smep erms
bogomips	: 5188.57
clflush size	: 64
cache_alignment	: 64
address sizes	: 36 bits physical, 48 bits virtual
power management:

processor	: 1
vendor_id	: GenuineIntel
cpu family	: 6
model		: 58
model name	: Intel(R) Core(TM) i5-3320M CPU @ 2.60GHz
stepping	: 9
microcode	: 0x17
cpu MHz		: 1200.000
cache size	: 3072 KB
physical id	: 0
siblings	: 4
core id		: 0
cpu cores	: 2
apicid		: 1
initial apicid	: 1
fpu		: yes
fpu_exception	: yes
cpuid level	: 13
wp		: yes
flags		: fpu vme de pse tsc msr pae mce cx8 apic sep mtrr pge mca cmov pat pse36 clflush dts acpi mmx fxsr sse sse2 ss ht tm pbe syscall nx rdtscp lm constant_tsc arch_perfmon pebs bts rep_good nopl xtopology nonstop_tsc aperfmperf pni pclmulqdq dtes64 monitor ds_cpl vmx smx est tm2 ssse3 cx16 xtpr pdcm pcid sse4_1 sse4_2 x2apic popcnt tsc_deadline_timer aes xsave avx f16c rdrand lahf_lm ida arat epb xsaveopt pln pts dtherm tpr_shadow vnmi flexpriority ept vpid fsgsbase smep erms
bogomips	: 5188.20
clflush size	: 64
cache_alignment	: 64
address sizes	: 36 bits physical, 48 bits virtual
power management:

processor	: 2
vendor_id	: GenuineIntel
cpu family	: 6
model		: 58
model name	: Intel(R) Core(TM) i5-3320M CPU @ 2.60GHz
stepping	: 9
microcode	: 0x17
cpu MHz		: 1200.000
cache size	: 3072 KB
physical id	: 0
siblings	: 4
core id		: 1
cpu cores	: 2
apicid		: 2
initial apicid	: 2
fpu		: yes
fpu_exception	: yes
cpuid level	: 13
wp		: yes
flags		: fpu vme de pse tsc msr pae mce cx8 apic sep mtrr pge mca cmov pat pse36 clflush dts acpi mmx fxsr sse sse2 ss ht tm pbe syscall nx rdtscp lm constant_tsc arch_perfmon pebs bts rep_good nopl xtopology nonstop_tsc aperfmperf pni pclmulqdq dtes64 monitor ds_cpl vmx smx est tm2 ssse3 cx16 xtpr pdcm pcid sse4_1 sse4_2 x2apic popcnt tsc_deadline_timer aes xsave avx f16c rdrand lahf_lm ida arat epb xsaveopt pln pts dtherm tpr_shadow vnmi flexpriority ept vpid fsgsbase smep erms
bogomips	: 5188.24
clflush size	: 64
cache_alignment	: 64
address sizes	: 36 bits physical, 48 bits virtual
power management:

processor	: 3
vendor_id	: GenuineIntel
cpu family	: 6
model		: 58
model name	: Intel(R) Core(TM) i5-3320M CPU @ 2.60GHz
stepping	: 9
microcode	: 0x17
cpu MHz		: 1200.000
cache size	: 3072 KB
physical id	: 0
siblings	: 4
core id		: 1
cpu cores	: 2
apicid		: 3
initial apicid	: 3
fpu		: yes
fpu_exception	: yes
cpuid level	: 13
wp		: yes
flags		: fpu vme de pse tsc msr pae mce cx8 apic sep mtrr pge mca cmov pat pse36 clflush dts acpi mmx fxsr sse sse2 ss ht tm pbe syscall nx rdtscp lm constant_tsc arch_perfmon pebs bts rep_good nopl xtopology nonstop_tsc aperfmperf pni pclmulqdq dtes64 monitor ds_cpl vmx smx est tm2 ssse3 cx16 xtpr pdcm pcid sse4_1 sse4_2 x2apic popcnt tsc_deadline_timer aes xsave avx f16c rdrand lahf_lm ida arat epb xsaveopt pln pts dtherm tpr_shadow vnmi flexpriority ept vpid fsgsbase smep erms
bogomips	: 5188.23
clflush size	: 64
cache_alignment	: 64
address sizes	: 36 bits physical, 48 bits virtual
power management:



Memory: 4k page, physical 7871988k(169372k free), swap 0k(0k free)

vm_info: Java HotSpot(TM) 64-Bit Server VM (25.31-b07) for linux-amd64 JRE (1.8.0_31-b13), built on Dec 17 2014 20:40:15 by "java_re" with gcc 4.3.0 20080428 (Red Hat 4.3.0-8)

time: Wed Feb 25 12:42:15 2015
elapsed time: 1 seconds (0d 0h 0m 1s)

