#
# A fatal error has been detected by the Java Runtime Environment:
#
#  SIGSEGV (0xb) at pc=0x00007f8f703051f7, pid=29776, tid=140254050416384
#
# JRE version: Java(TM) SE Runtime Environment (8.0_31-b13) (build 1.8.0_31-b13)
# Java VM: Java HotSpot(TM) 64-Bit Server VM (25.31-b07 mixed mode linux-amd64 compressed oops)
# Problematic frame:
# C  [libc.so.6+0x1491f7]
#
# Failed to write core dump. Core dumps have been disabled. To enable core dumping, try "ulimit -c unlimited" before starting Java again
#
# If you would like to submit a bug report, please visit:
#   http://bugreport.java.com/bugreport/crash.jsp
# The crash happened outside the Java Virtual Machine in native code.
# See problematic frame for where to report the bug.
#

---------------  T H R E A D  ---------------

Current thread (0x00007f8f68007800):  JavaThread "main" [_thread_in_native, id=29783, stack(0x00007f8f70ca7000,0x00007f8f70da8000)]

siginfo: si_signo: 11 (SIGSEGV), si_code: 2 (SEGV_ACCERR), si_addr: 0x00007f8f683ae000

Registers:
RAX=0x00007f8f2c063c98, RBX=0x00007f8f68363c00, RCX=0x0000000000008000, RDX=0x0000000000000140
RSP=0x00007f8f70da6428, RBP=0x00007f8f1775a3f0, RSI=0x00007f8f683adfc8, RDI=0x00007f8f2c064a20
R8 =0x00007f8f2c063c98, R9 =0x00007f8f703051e0, R10=0x00007f8f70da64d8, R11=0x00007f8f7033fe90
R12=0x00000000000000ff, R13=0x00007f8f683ad240, R14=0x00007f8f17759240, R15=0x0000000000000fe8
RIP=0x00007f8f703051f7, EFLAGS=0x0000000000010202, CSGSFS=0x0000000000000033, ERR=0x0000000000000004
  TRAPNO=0x000000000000000e

Top of Stack: (sp=0x00007f8f70da6428)
0x00007f8f70da6428:   00007f8f17555295 0000000000000000
0x00007f8f70da6438:   00007f8f6836d510 00000000002161e8
0x00007f8f70da6448:   0000000000000000 00007f8f683626a8
0x00007f8f70da6458:   0000000000000fc8 00007f8f68364e80
0x00007f8f70da6468:   00007f8f70bbf774 0000000100000005
0x00007f8f70da6478:   0000000000000000 00007f8f16f17fd0
0x00007f8f70da6488:   00007f8f68362400 00007f8f6836d510
0x00007f8f70da6498:   0000000000000008 0000000000000000
0x00007f8f70da64a8:   00007f8f683626a8 0000000000000fc8
0x00007f8f70da64b8:   00007f8f16f29793 00007f8f70da64d8
0x00007f8f70da64c8:   0000000000000003 0000000000000fc8
0x00007f8f70da64d8:   0000000000000fc8 00007f8f68362400
0x00007f8f70da64e8:   00007f8f6836d510 00007f8f6836d420
0x00007f8f70da64f8:   00007f8f68362400 0000000000000000
0x00007f8f70da6508:   00007f8f16f1fd4d 00007f8f6836d420
0x00007f8f70da6518:   00007f8f2fac8d00 00007f8f70da6720
0x00007f8f70da6528:   00007f8f68007800 000000072fadb000
0x00007f8f70da6538:   00007f8f2fabac20 00007f8f68189400
0x00007f8f70da6548:   0000000100010000 00007f8f2f80ce10
0x00007f8f70da6558:   00007f8f2fabac20 00007f8f2fac8d00
0x00007f8f70da6568:   00007f8f683ad240 00000000000186a0
0x00007f8f70da6578:   00007f8f70da65f8 00007f8f68007800
0x00007f8f70da6588:   00007f8f2f865897 00007f8f2fac8d00
0x00007f8f70da6598:   00007f8f70da65f8 00007f8f2fabac20
0x00007f8f70da65a8:   00000000000186a0 00007f8f680079e8
0x00007f8f70da65b8:   00007f8f2fabac20 00007f8f2fac8d00
0x00007f8f70da65c8:   00000000000186a0 00007f8f70da6720
0x00007f8f70da65d8:   00007f8f2fae82ef 00007f8f70da65f8
0x00007f8f70da65e8:   00007f8f6faadf61 00007f8f70da6778
0x00007f8f70da65f8:   00007f8f6d13b8f8 0000000000000000
0x00007f8f70da6608:   00007f8f6d13b8f8 00007f8f70da66c0
0x00007f8f70da6618:   0000000000000000 00007f8f6d13b8f0 

Instructions: (pc=0x00007f8f703051f7)
0x00007f8f703051d7:   2e 0f 1f 84 00 00 00 00 00 48 81 ea 80 00 00 00
0x00007f8f703051e7:   0f 28 4e f8 0f 28 56 08 0f 28 5e 18 0f 28 66 28
0x00007f8f703051f7:   0f 28 6e 38 0f 28 76 48 0f 28 7e 58 44 0f 28 46
0x00007f8f70305207:   68 44 0f 28 4e 78 48 8d b6 80 00 00 00 66 45 0f 

Register to memory mapping:

RAX=0x00007f8f2c063c98 is an unknown value
RBX=0x00007f8f68363c00 is an unknown value
RCX=0x0000000000008000 is an unknown value
RDX=0x0000000000000140 is an unknown value
RSP=0x00007f8f70da6428 is pointing into the stack for thread: 0x00007f8f68007800
RBP=0x00007f8f1775a3f0: mca_btl_vader_component+0x11b0 in /usr/local/lib/openmpi/mca_btl_vader.so at 0x00007f8f17553000
RSI=0x00007f8f683adfc8 is an unknown value
RDI=0x00007f8f2c064a20 is an unknown value
R8 =0x00007f8f2c063c98 is an unknown value
R9 =0x00007f8f703051e0: <offset 0x1491e0> in /lib/x86_64-linux-gnu/libc.so.6 at 0x00007f8f701bc000
R10=0x00007f8f70da64d8 is pointing into the stack for thread: 0x00007f8f68007800
R11=0x00007f8f7033fe90: <offset 0x183e90> in /lib/x86_64-linux-gnu/libc.so.6 at 0x00007f8f701bc000
R12=0x00000000000000ff is an unknown value
R13=0x00007f8f683ad240 is an unknown value
R14=0x00007f8f17759240: mca_btl_vader_component+0 in /usr/local/lib/openmpi/mca_btl_vader.so at 0x00007f8f17553000
R15=0x0000000000000fe8 is an unknown value


Stack: [0x00007f8f70ca7000,0x00007f8f70da8000],  sp=0x00007f8f70da6428,  free space=1021k
Native frames: (J=compiled Java code, j=interpreted, Vv=VM code, C=native code)
C  [libc.so.6+0x1491f7]

Java frames: (J=compiled Java code, j=interpreted, Vv=VM code)
j  mpi.Comm.iSend(JLjava/nio/Buffer;IJII)J+0
j  mpi.Comm.iSend(Ljava/nio/Buffer;ILmpi/Datatype;II)Lmpi/Request;+26
j  ca.mcmaster.capstone.program.ProgramNode.sendEventToMonitor(Lca/mcmaster/capstone/util/MessageTags;)V+144
j  ca.mcmaster.capstone.program.ProgramNode.<init>(II)V+119
j  ca.mcmaster.capstone.program.Node.main([Ljava/lang/String;)V+38
v  ~StubRoutines::call_stub

---------------  P R O C E S S  ---------------

Java Threads: ( => current thread )
  0x00007f8f680b1000 JavaThread "Service Thread" daemon [_thread_blocked, id=29886, stack(0x00007f8f2fdfe000,0x00007f8f2feff000)]
  0x00007f8f680ae800 JavaThread "C1 CompilerThread2" daemon [_thread_blocked, id=29884, stack(0x00007f8f2feff000,0x00007f8f30000000)]
  0x00007f8f680ac800 JavaThread "C2 CompilerThread1" daemon [_thread_blocked, id=29883, stack(0x00007f8f540ce000,0x00007f8f541cf000)]
  0x00007f8f680a9800 JavaThread "C2 CompilerThread0" daemon [_thread_blocked, id=29881, stack(0x00007f8f541cf000,0x00007f8f542d0000)]
  0x00007f8f680a7800 JavaThread "Signal Dispatcher" daemon [_thread_blocked, id=29875, stack(0x00007f8f542d0000,0x00007f8f543d1000)]
  0x00007f8f6807a000 JavaThread "Finalizer" daemon [_thread_blocked, id=29844, stack(0x00007f8f54ac6000,0x00007f8f54bc7000)]
  0x00007f8f68078000 JavaThread "Reference Handler" daemon [_thread_blocked, id=29841, stack(0x00007f8f54bc7000,0x00007f8f54cc8000)]
=>0x00007f8f68007800 JavaThread "main" [_thread_in_native, id=29783, stack(0x00007f8f70ca7000,0x00007f8f70da8000)]

Other Threads:
  0x00007f8f68073000 VMThread [stack: 0x00007f8f54cc8000,0x00007f8f54dc9000] [id=29834]
  0x00007f8f680b8000 WatcherThread [stack: 0x00007f8f2fcfd000,0x00007f8f2fdfe000] [id=29888]

VM state:not at safepoint (normal execution)

VM Mutex/Monitor currently owned by a thread: None

Heap:
 PSYoungGen      total 36352K, used 3124K [0x00000000d7f80000, 0x00000000da800000, 0x0000000100000000)
  eden space 31232K, 10% used [0x00000000d7f80000,0x00000000d828d1b0,0x00000000d9e00000)
  from space 5120K, 0% used [0x00000000da300000,0x00000000da300000,0x00000000da800000)
  to   space 5120K, 0% used [0x00000000d9e00000,0x00000000d9e00000,0x00000000da300000)
 ParOldGen       total 83456K, used 0K [0x0000000087e00000, 0x000000008cf80000, 0x00000000d7f80000)
  object space 83456K, 0% used [0x0000000087e00000,0x0000000087e00000,0x000000008cf80000)
 Metaspace       used 3500K, capacity 4832K, committed 5120K, reserved 1056768K
  class space    used 375K, capacity 432K, committed 512K, reserved 1048576K

Card table byte_map: [0x00007f8f6df5a000,0x00007f8f6e31c000] byte_map_base: 0x00007f8f6db1b000

Marking Bits: (ParMarkBitMap*) 0x00007f8f701912a0
 Begin Bits: [0x00007f8f553f0000, 0x00007f8f571f8000)
 End Bits:   [0x00007f8f571f8000, 0x00007f8f59000000)

Polling page: 0x00007f8f70dd0000

CodeCache: size=245760Kb used=1298Kb max_used=1298Kb free=244461Kb
 bounds [0x00007f8f59000000, 0x00007f8f59270000, 0x00007f8f68000000]
 total_blobs=411 nmethods=114 adapters=212
 compilation: enabled

Compilation events (10 events):
Event: 1.497 Thread 0x00007f8f680ae800  109       3       sun.reflect.ByteVectorImpl::get (26 bytes)
Event: 1.498 Thread 0x00007f8f680ae800 nmethod 109 0x00007f8f59142290 code [0x00007f8f59142400, 0x00007f8f59142608]
Event: 1.500 Thread 0x00007f8f680ae800  110   !   3       sun.reflect.UTF8::encode (191 bytes)
Event: 1.502 Thread 0x00007f8f680ae800 nmethod 110 0x00007f8f59141250 code [0x00007f8f59141440, 0x00007f8f59141ce8]
Event: 1.506 Thread 0x00007f8f680ae800  111   !   3       java.util.concurrent.ConcurrentHashMap::putVal (362 bytes)
Event: 1.520 Thread 0x00007f8f680ae800 nmethod 111 0x00007f8f59142ad0 code [0x00007f8f59142da0, 0x00007f8f59144718]
Event: 1.554 Thread 0x00007f8f680ae800  112       1       java.lang.reflect.Field::getName (5 bytes)
Event: 1.554 Thread 0x00007f8f680ae800 nmethod 112 0x00007f8f59140f90 code [0x00007f8f591410e0, 0x00007f8f591411f0]
Event: 1.558 Thread 0x00007f8f680ae800  113       3       java.nio.DirectByteBuffer::put (18 bytes)
Event: 1.559 Thread 0x00007f8f680ae800 nmethod 113 0x00007f8f59140890 code [0x00007f8f59140a00, 0x00007f8f59140c70]

GC Heap History (0 events):
No events

Deoptimization events (0 events):
No events

Internal exceptions (10 events):
Event: 1.288 Thread 0x00007f8f68007800 Exception <a 'java/security/PrivilegedActionException'> (0x00000000d81e3b30) thrown at [/HUDSON/workspace/8-2-build-linux-amd64/jdk8u31/2394/hotspot/src/share/vm/prims/jvm.cpp, line 1312]
Event: 1.310 Thread 0x00007f8f68007800 Exception <a 'java/security/PrivilegedActionException'> (0x00000000d81e62d8) thrown at [/HUDSON/workspace/8-2-build-linux-amd64/jdk8u31/2394/hotspot/src/share/vm/prims/jvm.cpp, line 1312]
Event: 1.312 Thread 0x00007f8f68007800 Exception <a 'java/security/PrivilegedActionException'> (0x00000000d81eb098) thrown at [/HUDSON/workspace/8-2-build-linux-amd64/jdk8u31/2394/hotspot/src/share/vm/prims/jvm.cpp, line 1312]
Event: 1.336 Thread 0x00007f8f68007800 Exception <a 'java/security/PrivilegedActionException'> (0x00000000d81efb10) thrown at [/HUDSON/workspace/8-2-build-linux-amd64/jdk8u31/2394/hotspot/src/share/vm/prims/jvm.cpp, line 1312]
Event: 1.339 Thread 0x00007f8f68007800 Exception <a 'java/security/PrivilegedActionException'> (0x00000000d81f27c0) thrown at [/HUDSON/workspace/8-2-build-linux-amd64/jdk8u31/2394/hotspot/src/share/vm/prims/jvm.cpp, line 1312]
Event: 1.344 Thread 0x00007f8f68007800 Exception <a 'java/security/PrivilegedActionException'> (0x00000000d81f6368) thrown at [/HUDSON/workspace/8-2-build-linux-amd64/jdk8u31/2394/hotspot/src/share/vm/prims/jvm.cpp, line 1312]
Event: 1.346 Thread 0x00007f8f68007800 Exception <a 'java/security/PrivilegedActionException'> (0x00000000d81f8e18) thrown at [/HUDSON/workspace/8-2-build-linux-amd64/jdk8u31/2394/hotspot/src/share/vm/prims/jvm.cpp, line 1312]
Event: 1.347 Thread 0x00007f8f68007800 Exception <a 'java/security/PrivilegedActionException'> (0x00000000d81fc930) thrown at [/HUDSON/workspace/8-2-build-linux-amd64/jdk8u31/2394/hotspot/src/share/vm/prims/jvm.cpp, line 1312]
Event: 1.439 Thread 0x00007f8f68007800 Exception <a 'java/security/PrivilegedActionException'> (0x00000000d820a910) thrown at [/HUDSON/workspace/8-2-build-linux-amd64/jdk8u31/2394/hotspot/src/share/vm/prims/jvm.cpp, line 1312]
Event: 1.471 Thread 0x00007f8f68007800 Exception <a 'java/security/PrivilegedActionException'> (0x00000000d8215aa0) thrown at [/HUDSON/workspace/8-2-build-linux-amd64/jdk8u31/2394/hotspot/src/share/vm/prims/jvm.cpp, line 1312]

Events (10 events):
Event: 1.503 loading class java/lang/NumberFormatException
Event: 1.503 loading class java/lang/NumberFormatException done
Event: 1.521 loading class java/io/ObjectStreamClass$ExceptionInfo
Event: 1.521 loading class java/io/ObjectStreamClass$ExceptionInfo done
Event: 1.542 loading class sun/reflect/UnsafeQualifiedStaticObjectFieldAccessorImpl
Event: 1.543 loading class sun/reflect/UnsafeQualifiedStaticObjectFieldAccessorImpl done
Event: 1.552 loading class java/io/UnsupportedEncodingException
Event: 1.552 loading class java/io/UnsupportedEncodingException done
Event: 1.557 loading class java/nio/DirectByteBuffer$Deallocator
Event: 1.557 loading class java/nio/DirectByteBuffer$Deallocator done


Dynamic libraries:
00400000-00401000 r-xp 00000000 08:01 17437063                           /usr/lib/jvm/java-8-oracle/jre/bin/java
00600000-00601000 rw-p 00000000 08:01 17437063                           /usr/lib/jvm/java-8-oracle/jre/bin/java
010e1000-01102000 rw-p 00000000 00:00 0                                  [heap]
87e00000-8cf80000 rw-p 00000000 00:00 0 
8cf80000-d7f80000 ---p 00000000 00:00 0 
d7f80000-da800000 rw-p 00000000 00:00 0 
da800000-100000000 ---p 00000000 00:00 0 
100000000-100080000 rw-p 00000000 00:00 0 
100080000-140000000 ---p 00000000 00:00 0 
7f8f0c078000-7f8f14079000 rw-s 00000000 08:01 1190008                    /tmp/openmpi-sessions-m6mostaf@scspc101_0/58493/1/shared_mem_pool.scspc101 (deleted)
7f8f14079000-7f8f1447a000 rw-s 00000000 08:01 3420099                    /tmp/openmpi-sessions-m6mostaf@scspc101_0/58493/1/7/vader_segment.scspc101.7
7f8f1447a000-7f8f1487b000 rw-s 00000000 08:01 1190006                    /tmp/openmpi-sessions-m6mostaf@scspc101_0/58493/1/6/vader_segment.scspc101.6
7f8f1487b000-7f8f14c7c000 rw-s 00000000 08:01 2366549                    /tmp/openmpi-sessions-m6mostaf@scspc101_0/58493/1/5/vader_segment.scspc101.5
7f8f14c7c000-7f8f1507d000 rw-s 00000000 08:01 1190007                    /tmp/openmpi-sessions-m6mostaf@scspc101_0/58493/1/4/vader_segment.scspc101.4
7f8f1507d000-7f8f1547e000 rw-s 00000000 08:01 1190013                    /tmp/openmpi-sessions-m6mostaf@scspc101_0/58493/1/2/vader_segment.scspc101.2
7f8f1547e000-7f8f1587f000 rw-s 00000000 08:01 2365342                    /tmp/openmpi-sessions-m6mostaf@scspc101_0/58493/1/1/vader_segment.scspc101.1
7f8f1587f000-7f8f15c80000 rw-s 00000000 08:01 1190012                    /tmp/openmpi-sessions-m6mostaf@scspc101_0/58493/1/0/vader_segment.scspc101.0
7f8f15c80000-7f8f15c85000 r-xp 00000000 08:01 791488                     /usr/local/lib/openmpi/mca_osc_sm.so
7f8f15c85000-7f8f15e84000 ---p 00005000 08:01 791488                     /usr/local/lib/openmpi/mca_osc_sm.so
7f8f15e84000-7f8f15e85000 r--p 00004000 08:01 791488                     /usr/local/lib/openmpi/mca_osc_sm.so
7f8f15e85000-7f8f15e87000 rw-p 00005000 08:01 791488                     /usr/local/lib/openmpi/mca_osc_sm.so
7f8f15e87000-7f8f15ea4000 r-xp 00000000 08:01 791444                     /usr/local/lib/openmpi/mca_coll_tuned.so
7f8f15ea4000-7f8f160a3000 ---p 0001d000 08:01 791444                     /usr/local/lib/openmpi/mca_coll_tuned.so
7f8f160a3000-7f8f160a4000 r--p 0001c000 08:01 791444                     /usr/local/lib/openmpi/mca_coll_tuned.so
7f8f160a4000-7f8f160a5000 rw-p 0001d000 08:01 791444                     /usr/local/lib/openmpi/mca_coll_tuned.so
7f8f162ac000-7f8f162ae000 r-xp 00000000 08:01 791448                     /usr/local/lib/openmpi/mca_coll_self.so
7f8f162ae000-7f8f164ad000 ---p 00002000 08:01 791448                     /usr/local/lib/openmpi/mca_coll_self.so
7f8f164ad000-7f8f164ae000 r--p 00001000 08:01 791448                     /usr/local/lib/openmpi/mca_coll_self.so
7f8f164ae000-7f8f164af000 rw-p 00002000 08:01 791448                     /usr/local/lib/openmpi/mca_coll_self.so
7f8f164d0000-7f8f164e1000 r-xp 00000000 08:01 791490                     /usr/local/lib/openmpi/mca_osc_rdma.so
7f8f164e1000-7f8f166e1000 ---p 00011000 08:01 791490                     /usr/local/lib/openmpi/mca_osc_rdma.so
7f8f166e1000-7f8f166e2000 r--p 00011000 08:01 791490                     /usr/local/lib/openmpi/mca_osc_rdma.so
7f8f166e2000-7f8f166e3000 rw-p 00012000 08:01 791490                     /usr/local/lib/openmpi/mca_osc_rdma.so
7f8f166e3000-7f8f166fa000 r-xp 00000000 08:01 791446                     /usr/local/lib/openmpi/mca_coll_libnbc.so
7f8f166fa000-7f8f168fa000 ---p 00017000 08:01 791446                     /usr/local/lib/openmpi/mca_coll_libnbc.so
7f8f168fa000-7f8f168fb000 r--p 00017000 08:01 791446                     /usr/local/lib/openmpi/mca_coll_libnbc.so
7f8f168fb000-7f8f168fc000 rw-p 00018000 08:01 791446                     /usr/local/lib/openmpi/mca_coll_libnbc.so
7f8f168fc000-7f8f16900000 r-xp 00000000 08:01 791455                     /usr/local/lib/openmpi/mca_coll_inter.so
7f8f16900000-7f8f16aff000 ---p 00004000 08:01 791455                     /usr/local/lib/openmpi/mca_coll_inter.so
7f8f16aff000-7f8f16b00000 r--p 00003000 08:01 791455                     /usr/local/lib/openmpi/mca_coll_inter.so
7f8f16b00000-7f8f16b01000 rw-p 00004000 08:01 791455                     /usr/local/lib/openmpi/mca_coll_inter.so
7f8f16b01000-7f8f16b0e000 r-xp 00000000 08:01 791453                     /usr/local/lib/openmpi/mca_coll_basic.so
7f8f16b0e000-7f8f16d0d000 ---p 0000d000 08:01 791453                     /usr/local/lib/openmpi/mca_coll_basic.so
7f8f16d0d000-7f8f16d0e000 r--p 0000c000 08:01 791453                     /usr/local/lib/openmpi/mca_coll_basic.so
7f8f16d0e000-7f8f16d0f000 rw-p 0000d000 08:01 791453                     /usr/local/lib/openmpi/mca_coll_basic.so
7f8f16f17000-7f8f16f2d000 r-xp 00000000 08:01 791498                     /usr/local/lib/openmpi/mca_pml_ob1.so
7f8f16f2d000-7f8f1712c000 ---p 00016000 08:01 791498                     /usr/local/lib/openmpi/mca_pml_ob1.so
7f8f1712c000-7f8f1712d000 r--p 00015000 08:01 791498                     /usr/local/lib/openmpi/mca_pml_ob1.so
7f8f1712d000-7f8f1712e000 rw-p 00016000 08:01 791498                     /usr/local/lib/openmpi/mca_pml_ob1.so
7f8f1712f000-7f8f17135000 r-xp 00000000 08:01 791457                     /usr/local/lib/openmpi/mca_coll_hierarch.so
7f8f17135000-7f8f17334000 ---p 00006000 08:01 791457                     /usr/local/lib/openmpi/mca_coll_hierarch.so
7f8f17334000-7f8f17335000 r--p 00005000 08:01 791457                     /usr/local/lib/openmpi/mca_coll_hierarch.so
7f8f17335000-7f8f17336000 rw-p 00006000 08:01 791457                     /usr/local/lib/openmpi/mca_coll_hierarch.so
7f8f1734c000-7f8f17352000 r-xp 00000000 08:01 791464                     /usr/local/lib/openmpi/mca_dpm_orte.so
7f8f17352000-7f8f17551000 ---p 00006000 08:01 791464                     /usr/local/lib/openmpi/mca_dpm_orte.so
7f8f17551000-7f8f17552000 r--p 00005000 08:01 791464                     /usr/local/lib/openmpi/mca_dpm_orte.so
7f8f17552000-7f8f17553000 rw-p 00006000 08:01 791464                     /usr/local/lib/openmpi/mca_dpm_orte.so
7f8f17553000-7f8f17559000 r-xp 00000000 08:01 791442                     /usr/local/lib/openmpi/mca_btl_vader.so
7f8f17559000-7f8f17758000 ---p 00006000 08:01 791442                     /usr/local/lib/openmpi/mca_btl_vader.so
7f8f17758000-7f8f17759000 r--p 00005000 08:01 791442                     /usr/local/lib/openmpi/mca_btl_vader.so
7f8f17759000-7f8f1775b000 rw-p 00006000 08:01 791442                     /usr/local/lib/openmpi/mca_btl_vader.so
7f8f1775b000-7f8f17767000 r-xp 00000000 08:01 791433                     /usr/local/lib/openmpi/mca_btl_tcp.so
7f8f17767000-7f8f17966000 ---p 0000c000 08:01 791433                     /usr/local/lib/openmpi/mca_btl_tcp.so
7f8f17966000-7f8f17967000 r--p 0000b000 08:01 791433                     /usr/local/lib/openmpi/mca_btl_tcp.so
7f8f17967000-7f8f17968000 rw-p 0000c000 08:01 791433                     /usr/local/lib/openmpi/mca_btl_tcp.so
7f8f17968000-7f8f179e8000 rw-p 00000000 00:00 0 
7f8f179e8000-7f8f179ee000 r-xp 00000000 08:01 791430                     /usr/local/lib/openmpi/mca_btl_sm.so
7f8f179ee000-7f8f17bed000 ---p 00006000 08:01 791430                     /usr/local/lib/openmpi/mca_btl_sm.so
7f8f17bed000-7f8f17bee000 r--p 00005000 08:01 791430                     /usr/local/lib/openmpi/mca_btl_sm.so
7f8f17bee000-7f8f17bef000 rw-p 00006000 08:01 791430                     /usr/local/lib/openmpi/mca_btl_sm.so
7f8f17bef000-7f8f17bf2000 r-xp 00000000 08:01 791427                     /usr/local/lib/openmpi/mca_btl_self.so
7f8f17bf2000-7f8f17df1000 ---p 00003000 08:01 791427                     /usr/local/lib/openmpi/mca_btl_self.so
7f8f17df1000-7f8f17df2000 r--p 00002000 08:01 791427                     /usr/local/lib/openmpi/mca_btl_self.so
7f8f17df2000-7f8f17df3000 rw-p 00003000 08:01 791427                     /usr/local/lib/openmpi/mca_btl_self.so
7f8f17dfc000-7f8f17dff000 r-xp 00000000 08:01 791501                     /usr/local/lib/openmpi/mca_pubsub_orte.so
7f8f17dff000-7f8f17ffe000 ---p 00003000 08:01 791501                     /usr/local/lib/openmpi/mca_pubsub_orte.so
7f8f17ffe000-7f8f17fff000 r--p 00002000 08:01 791501                     /usr/local/lib/openmpi/mca_pubsub_orte.so
7f8f17fff000-7f8f18000000 rw-p 00003000 08:01 791501                     /usr/local/lib/openmpi/mca_pubsub_orte.so
7f8f18000000-7f8f18021000 rw-p 00000000 00:00 0 
7f8f18021000-7f8f1c000000 ---p 00000000 00:00 0 
7f8f1c000000-7f8f1c021000 rw-p 00000000 00:00 0 
7f8f1c021000-7f8f20000000 ---p 00000000 00:00 0 
7f8f20000000-7f8f200be000 rw-p 00000000 00:00 0 
7f8f200be000-7f8f24000000 ---p 00000000 00:00 0 
7f8f24000000-7f8f24021000 rw-p 00000000 00:00 0 
7f8f24021000-7f8f28000000 ---p 00000000 00:00 0 
7f8f28000000-7f8f28021000 rw-p 00000000 00:00 0 
7f8f28021000-7f8f2c000000 ---p 00000000 00:00 0 
7f8f2c05c000-7f8f2c45d000 rw-s 00000000 08:01 2365174                    /tmp/openmpi-sessions-m6mostaf@scspc101_0/58493/1/3/vader_segment.scspc101.3
7f8f2c45d000-7f8f2c460000 r-xp 00000000 08:01 791425                     /usr/local/lib/openmpi/mca_bml_r2.so
7f8f2c460000-7f8f2c65f000 ---p 00003000 08:01 791425                     /usr/local/lib/openmpi/mca_bml_r2.so
7f8f2c65f000-7f8f2c660000 r--p 00002000 08:01 791425                     /usr/local/lib/openmpi/mca_bml_r2.so
7f8f2c660000-7f8f2c661000 rw-p 00003000 08:01 791425                     /usr/local/lib/openmpi/mca_bml_r2.so
7f8f2c661000-7f8f2c663000 r-xp 00000000 08:01 44588                      /usr/local/lib/libmca_common_sm.so.4.0.4
7f8f2c663000-7f8f2c863000 ---p 00002000 08:01 44588                      /usr/local/lib/libmca_common_sm.so.4.0.4
7f8f2c863000-7f8f2c864000 r--p 00002000 08:01 44588                      /usr/local/lib/libmca_common_sm.so.4.0.4
7f8f2c864000-7f8f2c865000 rw-p 00003000 08:01 44588                      /usr/local/lib/libmca_common_sm.so.4.0.4
7f8f2c865000-7f8f2c867000 r-xp 00000000 08:01 791486                     /usr/local/lib/openmpi/mca_mpool_sm.so
7f8f2c867000-7f8f2ca66000 ---p 00002000 08:01 791486                     /usr/local/lib/openmpi/mca_mpool_sm.so
7f8f2ca66000-7f8f2ca67000 r--p 00001000 08:01 791486                     /usr/local/lib/openmpi/mca_mpool_sm.so
7f8f2ca67000-7f8f2ca68000 rw-p 00002000 08:01 791486                     /usr/local/lib/openmpi/mca_mpool_sm.so
7f8f2ca68000-7f8f2ca6b000 r-xp 00000000 08:01 791484                     /usr/local/lib/openmpi/mca_mpool_grdma.so
7f8f2ca6b000-7f8f2cc6a000 ---p 00003000 08:01 791484                     /usr/local/lib/openmpi/mca_mpool_grdma.so
7f8f2cc6a000-7f8f2cc6b000 r--p 00002000 08:01 791484                     /usr/local/lib/openmpi/mca_mpool_grdma.so
7f8f2cc6b000-7f8f2cc6c000 rw-p 00003000 08:01 791484                     /usr/local/lib/openmpi/mca_mpool_grdma.so
7f8f2cc6c000-7f8f2cc70000 r-xp 00000000 08:01 791503                     /usr/local/lib/openmpi/mca_rcache_vma.so
7f8f2cc70000-7f8f2ce6f000 ---p 00004000 08:01 791503                     /usr/local/lib/openmpi/mca_rcache_vma.so
7f8f2ce6f000-7f8f2ce70000 r--p 00003000 08:01 791503                     /usr/local/lib/openmpi/mca_rcache_vma.so
7f8f2ce70000-7f8f2ce71000 rw-p 00004000 08:01 791503                     /usr/local/lib/openmpi/mca_rcache_vma.so
7f8f2ce71000-7f8f2ce73000 r-xp 00000000 08:01 791416                     /usr/local/lib/openmpi/mca_allocator_bucket.so
7f8f2ce73000-7f8f2d072000 ---p 00002000 08:01 791416                     /usr/local/lib/openmpi/mca_allocator_bucket.so
7f8f2d072000-7f8f2d073000 r--p 00001000 08:01 791416                     /usr/local/lib/openmpi/mca_allocator_bucket.so
7f8f2d073000-7f8f2d074000 rw-p 00002000 08:01 791416                     /usr/local/lib/openmpi/mca_allocator_bucket.so
7f8f2d074000-7f8f2d076000 r-xp 00000000 08:01 791418                     /usr/local/lib/openmpi/mca_allocator_basic.so
7f8f2d076000-7f8f2d275000 ---p 00002000 08:01 791418                     /usr/local/lib/openmpi/mca_allocator_basic.so
7f8f2d275000-7f8f2d276000 r--p 00001000 08:01 791418                     /usr/local/lib/openmpi/mca_allocator_basic.so
7f8f2d276000-7f8f2d277000 rw-p 00002000 08:01 791418                     /usr/local/lib/openmpi/mca_allocator_basic.so
7f8f2d277000-7f8f2d278000 ---p 00000000 00:00 0 
7f8f2d278000-7f8f2da78000 rw-p 00000000 00:00 0 
7f8f2da78000-7f8f2da7a000 r-xp 00000000 08:01 786890                     /usr/local/lib/openmpi/mca_grpcomm_bad.so
7f8f2da7a000-7f8f2dc79000 ---p 00002000 08:01 786890                     /usr/local/lib/openmpi/mca_grpcomm_bad.so
7f8f2dc79000-7f8f2dc7a000 r--p 00001000 08:01 786890                     /usr/local/lib/openmpi/mca_grpcomm_bad.so
7f8f2dc7a000-7f8f2dc7b000 rw-p 00002000 08:01 786890                     /usr/local/lib/openmpi/mca_grpcomm_bad.so
7f8f2dc7b000-7f8f2dc7e000 r-xp 00000000 08:01 789028                     /usr/local/lib/openmpi/mca_rml_oob.so
7f8f2dc7e000-7f8f2de7d000 ---p 00003000 08:01 789028                     /usr/local/lib/openmpi/mca_rml_oob.so
7f8f2de7d000-7f8f2de7e000 r--p 00002000 08:01 789028                     /usr/local/lib/openmpi/mca_rml_oob.so
7f8f2de7e000-7f8f2de7f000 rw-p 00003000 08:01 789028                     /usr/local/lib/openmpi/mca_rml_oob.so
7f8f2de7f000-7f8f2de91000 r-xp 00000000 08:01 788537                     /usr/local/lib/openmpi/mca_oob_tcp.so
7f8f2de91000-7f8f2e091000 ---p 00012000 08:01 788537                     /usr/local/lib/openmpi/mca_oob_tcp.so
7f8f2e091000-7f8f2e092000 r--p 00012000 08:01 788537                     /usr/local/lib/openmpi/mca_oob_tcp.so
7f8f2e092000-7f8f2e093000 rw-p 00013000 08:01 788537                     /usr/local/lib/openmpi/mca_oob_tcp.so
7f8f2e093000-7f8f2e095000 r-xp 00000000 08:01 786825                     /usr/local/lib/openmpi/mca_db_print.so
7f8f2e095000-7f8f2e294000 ---p 00002000 08:01 786825                     /usr/local/lib/openmpi/mca_db_print.so
7f8f2e294000-7f8f2e295000 r--p 00001000 08:01 786825                     /usr/local/lib/openmpi/mca_db_print.so
7f8f2e295000-7f8f2e296000 rw-p 00002000 08:01 786825                     /usr/local/lib/openmpi/mca_db_print.so
7f8f2e296000-7f8f2e299000 r-xp 00000000 08:01 786827                     /usr/local/lib/openmpi/mca_db_hash.so
7f8f2e299000-7f8f2e498000 ---p 00003000 08:01 786827                     /usr/local/lib/openmpi/mca_db_hash.so
7f8f2e498000-7f8f2e499000 r--p 00002000 08:01 786827                     /usr/local/lib/openmpi/mca_db_hash.so
7f8f2e499000-7f8f2e49a000 rw-p 00003000 08:01 786827                     /usr/local/lib/openmpi/mca_db_hash.so
7f8f2e49a000-7f8f2e49d000 r-xp 00000000 08:01 789629                     /usr/local/lib/openmpi/mca_routed_binomial.so
7f8f2e49d000-7f8f2e69d000 ---p 00003000 08:01 789629                     /usr/local/lib/openmpi/mca_routed_binomial.so
7f8f2e69d000-7f8f2e69e000 r--p 00003000 08:01 789629                     /usr/local/lib/openmpi/mca_routed_binomial.so
7f8f2e69e000-7f8f2e69f000 rw-p 00004000 08:01 789629                     /usr/local/lib/openmpi/mca_routed_binomial.so
7f8f2e69f000-7f8f2e6a1000 r-xp 00000000 08:01 786875                     /usr/local/lib/openmpi/mca_errmgr_default_app.so
7f8f2e6a1000-7f8f2e8a0000 ---p 00002000 08:01 786875                     /usr/local/lib/openmpi/mca_errmgr_default_app.so
7f8f2e8a0000-7f8f2e8a1000 r--p 00001000 08:01 786875                     /usr/local/lib/openmpi/mca_errmgr_default_app.so
7f8f2e8a1000-7f8f2e8a2000 rw-p 00002000 08:01 786875                     /usr/local/lib/openmpi/mca_errmgr_default_app.so
7f8f2e8a2000-7f8f2e8a4000 r-xp 00000000 08:01 789631                     /usr/local/lib/openmpi/mca_state_app.so
7f8f2e8a4000-7f8f2eaa3000 ---p 00002000 08:01 789631                     /usr/local/lib/openmpi/mca_state_app.so
7f8f2eaa3000-7f8f2eaa4000 r--p 00001000 08:01 789631                     /usr/local/lib/openmpi/mca_state_app.so
7f8f2eaa4000-7f8f2eaa5000 rw-p 00002000 08:01 789631                     /usr/local/lib/openmpi/mca_state_app.so
7f8f2eaa5000-7f8f2eaa7000 r-xp 00000000 08:01 786883                     /usr/local/lib/openmpi/mca_ess_env.so
7f8f2eaa7000-7f8f2eca6000 ---p 00002000 08:01 786883                     /usr/local/lib/openmpi/mca_ess_env.so
7f8f2eca6000-7f8f2eca7000 r--p 00001000 08:01 786883                     /usr/local/lib/openmpi/mca_ess_env.so
7f8f2eca7000-7f8f2eca8000 rw-p 00002000 08:01 786883                     /usr/local/lib/openmpi/mca_ess_env.so
7f8f2eca8000-7f8f2eca9000 r-xp 00000000 08:01 786831                     /usr/local/lib/openmpi/mca_sec_basic.so
7f8f2eca9000-7f8f2eea8000 ---p 00001000 08:01 786831                     /usr/local/lib/openmpi/mca_sec_basic.so
7f8f2eea8000-7f8f2eea9000 r--p 00000000 08:01 786831                     /usr/local/lib/openmpi/mca_sec_basic.so
7f8f2eea9000-7f8f2eeaa000 rw-p 00001000 08:01 786831                     /usr/local/lib/openmpi/mca_sec_basic.so
7f8f2eeaa000-7f8f2eead000 r-xp 00000000 08:01 786834                     /usr/local/lib/openmpi/mca_shmem_mmap.so
7f8f2eead000-7f8f2f0ac000 ---p 00003000 08:01 786834                     /usr/local/lib/openmpi/mca_shmem_mmap.so
7f8f2f0ac000-7f8f2f0ad000 r--p 00002000 08:01 786834                     /usr/local/lib/openmpi/mca_shmem_mmap.so
7f8f2f0ad000-7f8f2f0ae000 rw-p 00003000 08:01 786834                     /usr/local/lib/openmpi/mca_shmem_mmap.so
7f8f2f0ae000-7f8f2f0b0000 r-xp 00000000 08:01 56370                      /lib/x86_64-linux-gnu/libutil-2.15.so
7f8f2f0b0000-7f8f2f2af000 ---p 00002000 08:01 56370                      /lib/x86_64-linux-gnu/libutil-2.15.so
7f8f2f2af000-7f8f2f2b0000 r--p 00001000 08:01 56370                      /lib/x86_64-linux-gnu/libutil-2.15.so
7f8f2f2b0000-7f8f2f2b1000 rw-p 00002000 08:01 56370                      /lib/x86_64-linux-gnu/libutil-2.15.so
7f8f2f2b1000-7f8f2f327000 r-xp 00000000 08:01 18092                      /usr/local/lib/libopen-rte.so.7.0.5
7f8f2f327000-7f8f2f527000 ---p 00076000 08:01 18092                      /usr/local/lib/libopen-rte.so.7.0.5
7f8f2f527000-7f8f2f528000 r--p 00076000 08:01 18092                      /usr/local/lib/libopen-rte.so.7.0.5
7f8f2f528000-7f8f2f52b000 rw-p 00077000 08:01 18092                      /usr/local/lib/libopen-rte.so.7.0.5
7f8f2f52b000-7f8f2f52d000 rw-p 00000000 00:00 0 
7f8f2f52d000-7f8f2f5f2000 r-xp 00000000 08:01 4685                       /usr/local/lib/libopen-pal.so.6.2.1
7f8f2f5f2000-7f8f2f7f2000 ---p 000c5000 08:01 4685                       /usr/local/lib/libopen-pal.so.6.2.1
7f8f2f7f2000-7f8f2f7f6000 r--p 000c5000 08:01 4685                       /usr/local/lib/libopen-pal.so.6.2.1
7f8f2f7f6000-7f8f2f7fb000 rw-p 000c9000 08:01 4685                       /usr/local/lib/libopen-pal.so.6.2.1
7f8f2f7fb000-7f8f2f801000 rw-p 00000000 00:00 0 
7f8f2f801000-7f8f2f8b7000 r-xp 00000000 08:01 44540                      /usr/local/lib/libmpi.so.1.6.0
7f8f2f8b7000-7f8f2fab6000 ---p 000b6000 08:01 44540                      /usr/local/lib/libmpi.so.1.6.0
7f8f2fab6000-7f8f2fab8000 r--p 000b5000 08:01 44540                      /usr/local/lib/libmpi.so.1.6.0
7f8f2fab8000-7f8f2fac8000 rw-p 000b7000 08:01 44540                      /usr/local/lib/libmpi.so.1.6.0
7f8f2fac8000-7f8f2fadb000 rw-p 00000000 00:00 0 
7f8f2fadb000-7f8f2fafc000 r-xp 00000000 08:01 60149                      /usr/local/lib/libmpi_java.so.1.2.0
7f8f2fafc000-7f8f2fcfb000 ---p 00021000 08:01 60149                      /usr/local/lib/libmpi_java.so.1.2.0
7f8f2fcfb000-7f8f2fcfc000 r--p 00020000 08:01 60149                      /usr/local/lib/libmpi_java.so.1.2.0
7f8f2fcfc000-7f8f2fcfd000 rw-p 00021000 08:01 60149                      /usr/local/lib/libmpi_java.so.1.2.0
7f8f2fcfd000-7f8f2fcfe000 ---p 00000000 00:00 0 
7f8f2fcfe000-7f8f2fdfe000 rw-p 00000000 00:00 0 
7f8f2fdfe000-7f8f2fe01000 ---p 00000000 00:00 0 
7f8f2fe01000-7f8f2feff000 rw-p 00000000 00:00 0 
7f8f2feff000-7f8f2ff02000 ---p 00000000 00:00 0 
7f8f2ff02000-7f8f30000000 rw-p 00000000 00:00 0 
7f8f30000000-7f8f30021000 rw-p 00000000 00:00 0 
7f8f30021000-7f8f34000000 ---p 00000000 00:00 0 
7f8f34000000-7f8f3404e000 rw-p 00000000 00:00 0 
7f8f3404e000-7f8f38000000 ---p 00000000 00:00 0 
7f8f38000000-7f8f38021000 rw-p 00000000 00:00 0 
7f8f38021000-7f8f3c000000 ---p 00000000 00:00 0 
7f8f3c000000-7f8f3c021000 rw-p 00000000 00:00 0 
7f8f3c021000-7f8f40000000 ---p 00000000 00:00 0 
7f8f40000000-7f8f40021000 rw-p 00000000 00:00 0 
7f8f40021000-7f8f44000000 ---p 00000000 00:00 0 
7f8f44000000-7f8f44021000 rw-p 00000000 00:00 0 
7f8f44021000-7f8f48000000 ---p 00000000 00:00 0 
7f8f48000000-7f8f48021000 rw-p 00000000 00:00 0 
7f8f48021000-7f8f4c000000 ---p 00000000 00:00 0 
7f8f4c000000-7f8f4c021000 rw-p 00000000 00:00 0 
7f8f4c021000-7f8f50000000 ---p 00000000 00:00 0 
7f8f50000000-7f8f50021000 rw-p 00000000 00:00 0 
7f8f50021000-7f8f54000000 ---p 00000000 00:00 0 
7f8f540ce000-7f8f540d1000 ---p 00000000 00:00 0 
7f8f540d1000-7f8f541cf000 rw-p 00000000 00:00 0 
7f8f541cf000-7f8f541d2000 ---p 00000000 00:00 0 
7f8f541d2000-7f8f542d0000 rw-p 00000000 00:00 0 
7f8f542d0000-7f8f542d3000 ---p 00000000 00:00 0 
7f8f542d3000-7f8f543d1000 rw-p 00000000 00:00 0 
7f8f543d1000-7f8f54ac6000 r--p 00000000 08:01 17182                      /usr/lib/locale/locale-archive
7f8f54ac6000-7f8f54ac9000 ---p 00000000 00:00 0 
7f8f54ac9000-7f8f54bc7000 rw-p 00000000 00:00 0 
7f8f54bc7000-7f8f54bca000 ---p 00000000 00:00 0 
7f8f54bca000-7f8f54cc8000 rw-p 00000000 00:00 0 
7f8f54cc8000-7f8f54cc9000 ---p 00000000 00:00 0 
7f8f54cc9000-7f8f59000000 rw-p 00000000 00:00 0 
7f8f59000000-7f8f59270000 rwxp 00000000 00:00 0 
7f8f59270000-7f8f68000000 ---p 00000000 00:00 0 
7f8f68000000-7f8f683c1000 rw-p 00000000 00:00 0 
7f8f683c1000-7f8f6c000000 ---p 00000000 00:00 0 
7f8f6c0b2000-7f8f6ca6d000 rw-p 00000000 00:00 0 
7f8f6ca6d000-7f8f6cc43000 r--s 03cae000 08:01 17436828                   /usr/lib/jvm/java-8-oracle/jre/lib/rt.jar
7f8f6cc43000-7f8f6d194000 rw-p 00000000 00:00 0 
7f8f6d194000-7f8f6d514000 ---p 00000000 00:00 0 
7f8f6d514000-7f8f6d8d5000 rw-p 00000000 00:00 0 
7f8f6d8d5000-7f8f6d8d6000 ---p 00000000 00:00 0 
7f8f6d8d6000-7f8f6d9d6000 rw-p 00000000 00:00 0 
7f8f6d9d6000-7f8f6d9d7000 ---p 00000000 00:00 0 
7f8f6d9d7000-7f8f6dad7000 rw-p 00000000 00:00 0 
7f8f6dad7000-7f8f6dad8000 ---p 00000000 00:00 0 
7f8f6dad8000-7f8f6dbd8000 rw-p 00000000 00:00 0 
7f8f6dbd8000-7f8f6dbd9000 ---p 00000000 00:00 0 
7f8f6dbd9000-7f8f6dd02000 rw-p 00000000 00:00 0 
7f8f6dd02000-7f8f6df5a000 ---p 00000000 00:00 0 
7f8f6df5a000-7f8f6df83000 rw-p 00000000 00:00 0 
7f8f6df83000-7f8f6e1da000 ---p 00000000 00:00 0 
7f8f6e1da000-7f8f6e1ef000 rw-p 00000000 00:00 0 
7f8f6e1ef000-7f8f6e31b000 ---p 00000000 00:00 0 
7f8f6e31b000-7f8f6e326000 rw-p 00000000 00:00 0 
7f8f6e326000-7f8f6e6dc000 ---p 00000000 00:00 0 
7f8f6e6dc000-7f8f6e6f6000 r-xp 00000000 08:01 17436914                   /usr/lib/jvm/java-8-oracle/jre/lib/amd64/libzip.so
7f8f6e6f6000-7f8f6e8f6000 ---p 0001a000 08:01 17436914                   /usr/lib/jvm/java-8-oracle/jre/lib/amd64/libzip.so
7f8f6e8f6000-7f8f6e8f7000 rw-p 0001a000 08:01 17436914                   /usr/lib/jvm/java-8-oracle/jre/lib/amd64/libzip.so
7f8f6e8f7000-7f8f6e921000 r-xp 00000000 08:01 17436933                   /usr/lib/jvm/java-8-oracle/jre/lib/amd64/libjava.so
7f8f6e921000-7f8f6eb21000 ---p 0002a000 08:01 17436933                   /usr/lib/jvm/java-8-oracle/jre/lib/amd64/libjava.so
7f8f6eb21000-7f8f6eb23000 rw-p 0002a000 08:01 17436933                   /usr/lib/jvm/java-8-oracle/jre/lib/amd64/libjava.so
7f8f6eb23000-7f8f6eb30000 r-xp 00000000 08:01 17436918                   /usr/lib/jvm/java-8-oracle/jre/lib/amd64/libverify.so
7f8f6eb30000-7f8f6ed30000 ---p 0000d000 08:01 17436918                   /usr/lib/jvm/java-8-oracle/jre/lib/amd64/libverify.so
7f8f6ed30000-7f8f6ed32000 rw-p 0000d000 08:01 17436918                   /usr/lib/jvm/java-8-oracle/jre/lib/amd64/libverify.so
7f8f6ed32000-7f8f6ed39000 r-xp 00000000 08:01 56376                      /lib/x86_64-linux-gnu/librt-2.15.so
7f8f6ed39000-7f8f6ef38000 ---p 00007000 08:01 56376                      /lib/x86_64-linux-gnu/librt-2.15.so
7f8f6ef38000-7f8f6ef39000 r--p 00006000 08:01 56376                      /lib/x86_64-linux-gnu/librt-2.15.so
7f8f6ef39000-7f8f6ef3a000 rw-p 00007000 08:01 56376                      /lib/x86_64-linux-gnu/librt-2.15.so
7f8f6ef3a000-7f8f6f035000 r-xp 00000000 08:01 56380                      /lib/x86_64-linux-gnu/libm-2.15.so
7f8f6f035000-7f8f6f234000 ---p 000fb000 08:01 56380                      /lib/x86_64-linux-gnu/libm-2.15.so
7f8f6f234000-7f8f6f235000 r--p 000fa000 08:01 56380                      /lib/x86_64-linux-gnu/libm-2.15.so
7f8f6f235000-7f8f6f236000 rw-p 000fb000 08:01 56380                      /lib/x86_64-linux-gnu/libm-2.15.so
7f8f6f236000-7f8f6fea4000 r-xp 00000000 08:01 17436899                   /usr/lib/jvm/java-8-oracle/jre/lib/amd64/server/libjvm.so
7f8f6fea4000-7f8f700a3000 ---p 00c6e000 08:01 17436899                   /usr/lib/jvm/java-8-oracle/jre/lib/amd64/server/libjvm.so
7f8f700a3000-7f8f70179000 rw-p 00c6d000 08:01 17436899                   /usr/lib/jvm/java-8-oracle/jre/lib/amd64/server/libjvm.so
7f8f70179000-7f8f701bc000 rw-p 00000000 00:00 0 
7f8f701bc000-7f8f70371000 r-xp 00000000 08:01 56388                      /lib/x86_64-linux-gnu/libc-2.15.so
7f8f70371000-7f8f70570000 ---p 001b5000 08:01 56388                      /lib/x86_64-linux-gnu/libc-2.15.so
7f8f70570000-7f8f70574000 r--p 001b4000 08:01 56388                      /lib/x86_64-linux-gnu/libc-2.15.so
7f8f70574000-7f8f70576000 rw-p 001b8000 08:01 56388                      /lib/x86_64-linux-gnu/libc-2.15.so
7f8f70576000-7f8f7057b000 rw-p 00000000 00:00 0 
7f8f7057b000-7f8f7057d000 r-xp 00000000 08:01 56386                      /lib/x86_64-linux-gnu/libdl-2.15.so
7f8f7057d000-7f8f7077d000 ---p 00002000 08:01 56386                      /lib/x86_64-linux-gnu/libdl-2.15.so
7f8f7077d000-7f8f7077e000 r--p 00002000 08:01 56386                      /lib/x86_64-linux-gnu/libdl-2.15.so
7f8f7077e000-7f8f7077f000 rw-p 00003000 08:01 56386                      /lib/x86_64-linux-gnu/libdl-2.15.so
7f8f7077f000-7f8f70794000 r-xp 00000000 08:01 17436901                   /usr/lib/jvm/java-8-oracle/jre/lib/amd64/jli/libjli.so
7f8f70794000-7f8f70993000 ---p 00015000 08:01 17436901                   /usr/lib/jvm/java-8-oracle/jre/lib/amd64/jli/libjli.so
7f8f70993000-7f8f70994000 rw-p 00014000 08:01 17436901                   /usr/lib/jvm/java-8-oracle/jre/lib/amd64/jli/libjli.so
7f8f70994000-7f8f709ac000 r-xp 00000000 08:01 56374                      /lib/x86_64-linux-gnu/libpthread-2.15.so
7f8f709ac000-7f8f70bab000 ---p 00018000 08:01 56374                      /lib/x86_64-linux-gnu/libpthread-2.15.so
7f8f70bab000-7f8f70bac000 r--p 00017000 08:01 56374                      /lib/x86_64-linux-gnu/libpthread-2.15.so
7f8f70bac000-7f8f70bad000 rw-p 00018000 08:01 56374                      /lib/x86_64-linux-gnu/libpthread-2.15.so
7f8f70bad000-7f8f70bb1000 rw-p 00000000 00:00 0 
7f8f70bb1000-7f8f70bd3000 r-xp 00000000 08:01 56375                      /lib/x86_64-linux-gnu/ld-2.15.so
7f8f70bf6000-7f8f70bfd000 r--s 00000000 08:01 56337                      /usr/lib/x86_64-linux-gnu/gconv/gconv-modules.cache
7f8f70bfd000-7f8f70bff000 r--s 0000d000 08:01 60148                      /usr/local/lib/mpi.jar
7f8f70bff000-7f8f70c03000 r--s 0002a000 08:01 16914575                   /home/m6mostaf/code-java/mpi-code/ADM-Java/libs/commons-io-2.4.jar
7f8f70c03000-7f8f70c72000 rw-p 00000000 00:00 0 
7f8f70c72000-7f8f70ca7000 r--s 00000000 08:01 427238                     /var/cache/nscd/passwd
7f8f70ca7000-7f8f70caa000 ---p 00000000 00:00 0 
7f8f70caa000-7f8f70dac000 rw-p 00000000 00:00 0 
7f8f70dad000-7f8f70dae000 rw-p 00000000 00:00 0 
7f8f70dae000-7f8f70daf000 rw-s 00000000 08:01 1190010                    /tmp/openmpi-sessions-m6mostaf@scspc101_0/58493/1/shared_mem_btl_module.scspc101 (deleted)
7f8f70daf000-7f8f70db4000 r--s 0002f000 08:01 2228467                    /home/m6mostaf/code-java/mpi-code/ADM-Java/libs/gson-2.3.1.jar
7f8f70db4000-7f8f70dc7000 r--s 00131000 08:01 2228777                    /home/m6mostaf/code-java/mpi-code/ADM-Java/libs/lombok.jar
7f8f70dc7000-7f8f70dcf000 rw-s 00000000 08:01 795210                     /tmp/hsperfdata_m6mostaf/29776
7f8f70dcf000-7f8f70dd0000 rw-p 00000000 00:00 0 
7f8f70dd0000-7f8f70dd1000 r--p 00000000 00:00 0 
7f8f70dd1000-7f8f70dd3000 rw-p 00000000 00:00 0 
7f8f70dd3000-7f8f70dd4000 r--p 00022000 08:01 56375                      /lib/x86_64-linux-gnu/ld-2.15.so
7f8f70dd4000-7f8f70dd6000 rw-p 00023000 08:01 56375                      /lib/x86_64-linux-gnu/ld-2.15.so
7fff85301000-7fff85323000 rw-p 00000000 00:00 0                          [stack]
7fff8539f000-7fff853a0000 r-xp 00000000 00:00 0                          [vdso]
ffffffffff600000-ffffffffff601000 r-xp 00000000 00:00 0                  [vsyscall]

VM Arguments:
jvm_args: -Djava.library.path=/usr/local/lib 
java_command: ca.mcmaster.capstone.program.Node
java_class_path (initial): /home/m6mostaf/code-java/mpi-code/ADM-Java/target/classes:/ca/mcmaster/capstone/program/*:/ca/mcmaster/capstone/monitoralgorithm/*:/ca/mcmaster/capstone/util/*:/ca/mcmaster/capstone/initializer/*:/ca/mcmaster/capstone/logger/*:../../libs/lombok.jar:../../libs/gson-2.3.1.jar:../../libs/commons-io-2.4.jar:/usr/local/lib/mpi.jar
Launcher Type: SUN_STANDARD

Environment Variables:
PATH=/usr/lib/lightdm/lightdm:/usr/local/sbin:/usr/local/bin:/usr/sbin:/usr/bin:/sbin:/bin:/usr/games
SHELL=/bin/bash
DISPLAY=:0

Signal Handlers:
SIGSEGV: [libjvm.so+0xa7a650], sa_mask[0]=11111111011111111101111111111110, sa_flags=SA_RESTART|SA_SIGINFO
SIGBUS: [libjvm.so+0xa7a650], sa_mask[0]=11111111011111111101111111111110, sa_flags=SA_RESTART|SA_SIGINFO
SIGFPE: [libjvm.so+0x8e28f0], sa_mask[0]=11111111011111111101111111111110, sa_flags=SA_RESTART|SA_SIGINFO
SIGPIPE: [libjvm.so+0x8e28f0], sa_mask[0]=11111111011111111101111111111110, sa_flags=SA_RESTART|SA_SIGINFO
SIGXFSZ: [libjvm.so+0x8e28f0], sa_mask[0]=11111111011111111101111111111110, sa_flags=SA_RESTART|SA_SIGINFO
SIGILL: [libjvm.so+0x8e28f0], sa_mask[0]=11111111011111111101111111111110, sa_flags=SA_RESTART|SA_SIGINFO
SIGUSR1: SIG_DFL, sa_mask[0]=00000000000000000000000000000000, sa_flags=none
SIGUSR2: [libjvm.so+0x8e4120], sa_mask[0]=00000000000000000000000000000000, sa_flags=SA_RESTART|SA_SIGINFO
SIGHUP: [libjvm.so+0x8e54e0], sa_mask[0]=11111111011111111101111111111110, sa_flags=SA_RESTART|SA_SIGINFO
SIGINT: [libjvm.so+0x8e54e0], sa_mask[0]=11111111011111111101111111111110, sa_flags=SA_RESTART|SA_SIGINFO
SIGTERM: [libjvm.so+0x8e54e0], sa_mask[0]=11111111011111111101111111111110, sa_flags=SA_RESTART|SA_SIGINFO
SIGQUIT: [libjvm.so+0x8e54e0], sa_mask[0]=11111111011111111101111111111110, sa_flags=SA_RESTART|SA_SIGINFO


---------------  S Y S T E M  ---------------

OS:DISTRIB_ID=Ubuntu
DISTRIB_RELEASE=12.04
DISTRIB_CODENAME=precise
DISTRIB_DESCRIPTION="Ubuntu 12.04.5 LTS"

uname:Linux 3.2.0-76-generic #111-Ubuntu SMP Tue Jan 13 22:16:09 UTC 2015 x86_64
libc:glibc 2.15 NPTL 2.15 
rlimit: STACK 8192k, CORE 0k, NPROC 61358, NOFILE 4096, AS infinity
load average:0.57 0.60 0.64

/proc/meminfo:
MemTotal:        7871988 kB
MemFree:          182768 kB
Buffers:          278472 kB
Cached:          2825880 kB
SwapCached:            0 kB
Active:          5490240 kB
Inactive:        1669780 kB
Active(anon):    4332376 kB
Inactive(anon):   510268 kB
Active(file):    1157864 kB
Inactive(file):  1159512 kB
Unevictable:         136 kB
Mlocked:             136 kB
SwapTotal:             0 kB
SwapFree:              0 kB
Dirty:              3808 kB
Writeback:             0 kB
AnonPages:       4056092 kB
Mapped:           230144 kB
Shmem:            786760 kB
Slab:             327784 kB
SReclaimable:     259836 kB
SUnreclaim:        67948 kB
KernelStack:        7912 kB
PageTables:        70416 kB
NFS_Unstable:          0 kB
Bounce:                0 kB
WritebackTmp:          0 kB
CommitLimit:     3935992 kB
Committed_AS:   13295052 kB
VmallocTotal:   34359738367 kB
VmallocUsed:      368796 kB
VmallocChunk:   34359305396 kB
HardwareCorrupted:     0 kB
AnonHugePages:         0 kB
HugePages_Total:       0
HugePages_Free:        0
HugePages_Rsvd:        0
HugePages_Surp:        0
Hugepagesize:       2048 kB
DirectMap4k:       68804 kB
DirectMap2M:     8011776 kB


CPU:total 4 (2 cores per cpu, 2 threads per core) family 6 model 58 stepping 9, cmov, cx8, fxsr, mmx, sse, sse2, sse3, ssse3, sse4.1, sse4.2, popcnt, avx, aes, clmul, erms, ht, tsc, tscinvbit, tscinv

/proc/cpuinfo:
processor	: 0
vendor_id	: GenuineIntel
cpu family	: 6
model		: 58
model name	: Intel(R) Core(TM) i5-3320M CPU @ 2.60GHz
stepping	: 9
microcode	: 0x17
cpu MHz		: 1200.000
cache size	: 3072 KB
physical id	: 0
siblings	: 4
core id		: 0
cpu cores	: 2
apicid		: 0
initial apicid	: 0
fpu		: yes
fpu_exception	: yes
cpuid level	: 13
wp		: yes
flags		: fpu vme de pse tsc msr pae mce cx8 apic sep mtrr pge mca cmov pat pse36 clflush dts acpi mmx fxsr sse sse2 ss ht tm pbe syscall nx rdtscp lm constant_tsc arch_perfmon pebs bts rep_good nopl xtopology nonstop_tsc aperfmperf pni pclmulqdq dtes64 monitor ds_cpl vmx smx est tm2 ssse3 cx16 xtpr pdcm pcid sse4_1 sse4_2 x2apic popcnt tsc_deadline_timer aes xsave avx f16c rdrand lahf_lm ida arat epb xsaveopt pln pts dtherm tpr_shadow vnmi flexpriority ept vpid fsgsbase smep erms
bogomips	: 5188.57
clflush size	: 64
cache_alignment	: 64
address sizes	: 36 bits physical, 48 bits virtual
power management:

processor	: 1
vendor_id	: GenuineIntel
cpu family	: 6
model		: 58
model name	: Intel(R) Core(TM) i5-3320M CPU @ 2.60GHz
stepping	: 9
microcode	: 0x17
cpu MHz		: 1200.000
cache size	: 3072 KB
physical id	: 0
siblings	: 4
core id		: 0
cpu cores	: 2
apicid		: 1
initial apicid	: 1
fpu		: yes
fpu_exception	: yes
cpuid level	: 13
wp		: yes
flags		: fpu vme de pse tsc msr pae mce cx8 apic sep mtrr pge mca cmov pat pse36 clflush dts acpi mmx fxsr sse sse2 ss ht tm pbe syscall nx rdtscp lm constant_tsc arch_perfmon pebs bts rep_good nopl xtopology nonstop_tsc aperfmperf pni pclmulqdq dtes64 monitor ds_cpl vmx smx est tm2 ssse3 cx16 xtpr pdcm pcid sse4_1 sse4_2 x2apic popcnt tsc_deadline_timer aes xsave avx f16c rdrand lahf_lm ida arat epb xsaveopt pln pts dtherm tpr_shadow vnmi flexpriority ept vpid fsgsbase smep erms
bogomips	: 5188.20
clflush size	: 64
cache_alignment	: 64
address sizes	: 36 bits physical, 48 bits virtual
power management:

processor	: 2
vendor_id	: GenuineIntel
cpu family	: 6
model		: 58
model name	: Intel(R) Core(TM) i5-3320M CPU @ 2.60GHz
stepping	: 9
microcode	: 0x17
cpu MHz		: 1200.000
cache size	: 3072 KB
physical id	: 0
siblings	: 4
core id		: 1
cpu cores	: 2
apicid		: 2
initial apicid	: 2
fpu		: yes
fpu_exception	: yes
cpuid level	: 13
wp		: yes
flags		: fpu vme de pse tsc msr pae mce cx8 apic sep mtrr pge mca cmov pat pse36 clflush dts acpi mmx fxsr sse sse2 ss ht tm pbe syscall nx rdtscp lm constant_tsc arch_perfmon pebs bts rep_good nopl xtopology nonstop_tsc aperfmperf pni pclmulqdq dtes64 monitor ds_cpl vmx smx est tm2 ssse3 cx16 xtpr pdcm pcid sse4_1 sse4_2 x2apic popcnt tsc_deadline_timer aes xsave avx f16c rdrand lahf_lm ida arat epb xsaveopt pln pts dtherm tpr_shadow vnmi flexpriority ept vpid fsgsbase smep erms
bogomips	: 5188.24
clflush size	: 64
cache_alignment	: 64
address sizes	: 36 bits physical, 48 bits virtual
power management:

processor	: 3
vendor_id	: GenuineIntel
cpu family	: 6
model		: 58
model name	: Intel(R) Core(TM) i5-3320M CPU @ 2.60GHz
stepping	: 9
microcode	: 0x17
cpu MHz		: 1200.000
cache size	: 3072 KB
physical id	: 0
siblings	: 4
core id		: 1
cpu cores	: 2
apicid		: 3
initial apicid	: 3
fpu		: yes
fpu_exception	: yes
cpuid level	: 13
wp		: yes
flags		: fpu vme de pse tsc msr pae mce cx8 apic sep mtrr pge mca cmov pat pse36 clflush dts acpi mmx fxsr sse sse2 ss ht tm pbe syscall nx rdtscp lm constant_tsc arch_perfmon pebs bts rep_good nopl xtopology nonstop_tsc aperfmperf pni pclmulqdq dtes64 monitor ds_cpl vmx smx est tm2 ssse3 cx16 xtpr pdcm pcid sse4_1 sse4_2 x2apic popcnt tsc_deadline_timer aes xsave avx f16c rdrand lahf_lm ida arat epb xsaveopt pln pts dtherm tpr_shadow vnmi flexpriority ept vpid fsgsbase smep erms
bogomips	: 5188.23
clflush size	: 64
cache_alignment	: 64
address sizes	: 36 bits physical, 48 bits virtual
power management:



Memory: 4k page, physical 7871988k(182768k free), swap 0k(0k free)

vm_info: Java HotSpot(TM) 64-Bit Server VM (25.31-b07) for linux-amd64 JRE (1.8.0_31-b13), built on Dec 17 2014 20:40:15 by "java_re" with gcc 4.3.0 20080428 (Red Hat 4.3.0-8)

time: Wed Feb 25 12:21:13 2015
elapsed time: 1 seconds (0d 0h 0m 1s)

